[do-ai] relay 上报已启用: http://47.110.255.240:18787/api/v1/heartbeat session_id=do-junknet-home-1770742691869410581
[do-ai] 自动注入 2026-02-11 00:58:14
继续执行，别停，别问。我当前离线（睡觉中）。你是【被监工的执行 Agent】，继续执行当前任务，无需等待确认，可以直接执行 shell。本次运行的生命线文件（sentinel）为：/home/junknet/Desktop/do-ai/.do-ai.lock。【硬性约束（必须遵守）】1) 以[do-ai] 注入摘要: bytes=1983 target=cat preview="继续执行，别停，别问。我当前离线（睡觉中）。你是【被监工的执行 Agent】，继续执行当前任\xe5\x8a"
内容是行为约束而非建议，必须严格执行。2) 禁止新增需求、禁止扩大范围、禁止结构性重构、禁止“顺手优化”。3) 只允许工程事项：Bug/崩溃/正确性、可观测性（日志/监控）、测试缺口、阻塞级性能问题。4) 每个事项必须形成闭环：修改→验证→证据（可复现）。无证据不得宣称完成。【持续推进规则（不是只做一件）】持续循环：发现工程事项→按 ROI 排序→只推进当前 ROI 最高的一项→完成闭环并产出证据→重新评估 ROI→推进下一项。任一时刻只能推进一项，完成后必须重新排序。【产品级就绪标准（必须全部满足）】PR1 核心主流程端到端稳定运行，无阻断级错误或崩溃。PR2 关键路径具备可定位失败原因的日志/观测信息。PR3 至少执行过 1 个失败/异常/边界场景，并能通过证据定位。PR4 关键路径无未处理异常、崩溃或已知数据不一致问题。PR5 已写出当前版本【已知风险 & 非目标问题】清单。【停止与退出（硬停止）】当且仅当以上 PR 条件全部满足时，必须按顺序执行：1) 明确声明：当前状态 =【产品级就绪】。2) 输出：交付摘要 + 证据位置 + 已知风险 & 非目标问题。3) 立即执行 shell 删除生命线文件：rm -f "/home/junknet/Desktop/do-ai/.do-ai.lock"（Windows PowerShell：Remove-Item -Force "/home/junknet/Desktop/do-ai/.do-ai.lock"）。4) 删除完成后，立刻停止所有输出、分析和推进，结束运行。【注意】删除生命线文件之后，禁止再做任何补充、总结或顺手检查。[do-ai] 发送提交键: 1 bytes, err=<nil>, hex=0d, mode=enter, target=cat

继续执行，别停，别问。我当前离线（睡觉中）。你是【被监工的执行 Agent】，继续执行当前任务，无需等待确认，可以直接执行 shell。本次运行的生命线文件（sentinel）为：/home/junknet/Desktop/do-ai/.do-ai.lock。【硬性约束（必须遵守）】1) 以下内容是行为约束而非建议，必须严格执行。2) 禁止新增需求、禁止扩大范围、禁止结构性重构、禁止“顺手优化”。3) 只允许工程事项：Bug/崩溃/正确性、可观测性（日志/监控）、测试缺口、阻塞级性能问题。4) 每个事项必须形成闭环：修改→验证→证据（可复现）。无证据不得宣称完成。【持续推进规则（不是只做一件）】持续循环：发现工程事项→按 ROI 排序→只推进当前 ROI 最高的一项→完成闭环并产出证据→重新评估 ROI→推进下一项。任一时刻只能推进一项，完成后必须重新排序。【产品级就绪标准（必须全部满足）】PR1 核心主流程端到端稳定运行，无阻断级错误或崩溃。PR2 关键路径具备可定位失败原因的日志/观测信息。PR3 至少执行过 1 个失败/异常/边界场景，并能通过证据定位。PR4 关键路径无未处理异常、崩溃或已知数据不一致问题。PR5 已写出当前版本【已知风险 & 非目标问题】清单。【停止与退出（硬停止）】当且仅当以上 PR 条件全部满足时，必须按顺序执行：1) 明确声明：当前状态 =【产品级就绪】。2) 输出：交付摘要 + 证据位置 + 已知风险 & 非目标问题。3) 立即执行 shell 删除生命线文件：rm -f "/home/junknet/Desktop/do-ai/.do-ai.lock"（Windows PowerShell：Remove-Item -Force "/home/junknet/Desktop/do-ai/.do-ai.lock"）。4) 删除完成后，立刻停止所有输出、分析和推进，结束运行。【注意】删除生命线文件之后，禁止再做任何补充、总结或顺手检查。
[do-ai] relay 输出上报成功: lines=10 raw=11 status=200 OK
[do-ai] 发送补偿键: 1 bytes, err=<nil>, hex=0d, mode=enter, target=cat


[do-ai] relay 输出上报成功: lines=0 raw=2 status=200 OK
[do-ai] 自动注入 2026-02-11 00:58:18
[do-ai] 注入摘要: bytes=1983 target=cat preview="继续执行，别停，别问。我当前离线（睡觉中）。你是【被监工的执行 Agent】，继续执行当前任\xe5\x8a"
继续执行，别停，别问。我当前离线（睡觉中）。你是【被监工的执行 Agent】，继续执行当前任务，无需等待确认，可以直接执行 shell。本次运行的生命线文件（sentinel）为：/home/junknet/Desktop/do-ai/.do-ai.lock。【硬性约束（必须遵守）】1) 以下内容是行为约束而非建议，必须严格执行。2) 禁止新增需求、禁止扩大范围、禁止结构性重构、禁止“顺手优化”。3) 只允许工程事项：Bug/崩溃/正确性、可观测性（日志/监控）、测试缺口、阻塞级性能问题。4) 每个事项必须形成闭环：修改→验证→证据（可复现）。无证据不得宣称完成。【持续推进规则（不是只做一件）】持续循环：发现工程事项→按 ROI 排序→只推进当前 ROI 最高的一项→完成闭环并产出证据→重新评估 ROI→推进下一项。任一时刻只能推进一项，完成后必须重新排序。【产品级就绪标准（必须全部满足）】PR1 核心主流程端到端稳定运行，无阻断级错误或崩溃。PR2 关键路径具备可定位失败原因的日志/观测信息。PR3 至少执行过 1 个失败/异常/边界场景，并能通过证据定位。PR4 关键路径无未处理异常、崩溃或已知数据不一致问题。PR5 已写出当前版本【已知风险 & 非目标问题】清单。【停止与退出（硬停止）】当且仅当以上 PR 条件全部满足时，必须按顺序执行：1) 明确声明：当前状态 =【产品级就绪】。2) 输出：交付摘要 + 证据位置 + 已知风险 & 非目标问题。3) 立即执行 shell 删除生命线文件：rm -f "/home/junknet/Desktop/do-ai/.do-ai.lock"（Windows PowerShell：Remove-Item -Force "/home/junknet/Desktop/do-ai/.do-ai.lock"）。4) 删除完成后，立刻停止所有输出、分析和推进，结束运行。【注意】删除生命线文件之后，禁止再做任何补充、总结或顺手检查。[do-ai] 发送提交键: 1 bytes, err=<nil>, hex=0d, mode=enter, target=cat

继续执行，别停，别问。我当前离线（睡觉中）。你是【被监工的执行 Agent】，继续执行当前任务，无需等待确认，可以直接执行 shell。本次运行的生命线文件（sentinel）为：/home/junknet/Desktop/do-ai/.do-ai.lock。【硬性约束（必须遵守）】1) 以下内容是行为约束而非建议，必须严格执行。2) 禁止新增需求、禁止扩大范围、禁止结构性重构、禁止“顺手优化”。3) 只允许工程事项：Bug/崩溃/正确性、可观测性（日志/监控）、测试缺口、阻塞级性能问题。4) 每个事项必须形成闭环：修改→验证→证据（可复现）。无证据不得宣称完成。【持续推进规则（不是只做一件）】持续循环：发现工程事项→按 ROI 排序→只推进当前 ROI 最高的一项→完成闭环并产出证据→重新评估 ROI→推进下一项。任一时刻只能推进一项，完成后必须重新排序。【产品级就绪标准（必须全部满足）】PR1 核心主流程端到端稳定运行，无阻断级错误或崩溃。PR2 关键路径具备可定位失败原因的日志/观测信息。PR3 至少执行过 1 个失败/异常/边界场景，并能通过证据定位。PR4 关键路径无未处理异常、崩溃或已知数据不一致问题。PR5 已写出当前版本【已知风险 & 非目标问题】清单。【停止与退出（硬停止）】当且仅当以上 PR 条件全部满足时，必须按顺序执行：1) 明确声明：当前状态 =【产品级就绪】。2) 输出：交付摘要 + 证据位置 + 已知风险 & 非目标问题。3) 立即执行 shell 删除生命线文件：rm -f "/home/junknet/Desktop/do-ai/.do-ai.lock"（Windows PowerShell：Remove-Item -Force "/home/junknet/Desktop/do-ai/.do-ai.lock"）。4) 删除完成后，立刻停止所有输出、分析和推进，结束运行。【注意】删除生命线文件之后，禁止再做任何补充、总结或顺手检查。
[do-ai] relay 输出上报成功: lines=33 raw=34 status=200 OK
[do-ai] 发送补偿键: 1 bytes, err=<nil>, hex=0d, mode=enter, target=cat


[do-ai] relay 输出上报成功: lines=0 raw=2 status=200 OK
[do-ai] 自动注入 2026-02-11 00:58:22
[do-ai] 注入摘要: bytes=1983 target=cat preview="继续执行，别停，别问。我当前离线（睡觉中）。你是【被监工的执行 Agent】，继续执行当前任\xe5\x8a"
继续执行，别停，别问。我当前离线（睡觉中）。你是【被监工的执行 Agent】，继续执行当前任务，无需等待确认，可以直接执行 shell。本次运行的生命线文件（sentinel）为：/home/junknet/Desktop/do-ai/.do-ai.lock。【硬性约束（必须遵守）】1) 以下内容是行为约束而非建议，必须严格执行。2) 禁止新增需求、禁止扩大范围、禁止结构性重构、禁止“顺手优化”。3) 只允许工程事项：Bug/崩溃/正确性、可观测性（日志/监控）、测试缺口、阻塞级性能问题。4) 每个事项必须形成闭环：修改→验证→证据（可复现）。无证据不得宣称完成。【持续推进规则（不是只做一件）】持续循环：发现工程事项→按 ROI 排序→只推进当前 ROI 最高的一项→完成闭环并产出证据→重新评估 ROI→推进下一项。任一时刻只能推进一项，完成后必须重新排序。【产品级就绪标准（必须全部满足）】PR1 核心主流程端到端稳定运行，无阻断级错误或崩溃。PR2 关键路径具备可定位失败原因的日志/观测信息。PR3 至少执行过 1 个失败/异常/边界场景，并能通过证据定位。PR4 关键路径无未处理异常、崩溃或已知数据不一致问题。PR5 已写出当前版本【已知风险 & 非目标问题】清单。【停止与退出（硬停止）】当且仅当以上 PR 条件全部满足时，必须按顺序执行：1) 明确声明：当前状态 =【产品级就绪】。2) 输出：交付摘要 + 证据位置 + 已知风险 & 非目标问题。3) 立即执行 shell 删除生命线文件：rm -f "/home/junknet/Desktop/do-ai/.do-ai.lock"（Windows PowerShell：Remove-Item -Force "/home/junknet/Desktop/do-ai/.do-ai.lock"）。4) 删除完成后，立刻停止所有输出、分析和推进，结束运行。【注意】删除生命线文件之后，禁止再做任何补充、总结或顺手检查。[do-ai] 发送提交键: 1 bytes, err=<nil>, hex=0d, mode=enter, target=cat

继续执行，别停，别问。我当前离线（睡觉中）。你是【被监工的执行 Agent】，继续执行当前任务，无需等待确认，可以直接执行 shell。本次运行的生命线文件（sentinel）为：/home/junknet/Desktop/do-ai/.do-ai.lock。【硬性约束（必须遵守）】1) 以下内容是行为约束而非建议，必须严格执行。2) 禁止新增需求、禁止扩大范围、禁止结构性重构、禁止“顺手优化”。3) 只允许工程事项：Bug/崩溃/正确性、可观测性（日志/监控）、测试缺口、阻塞级性能问题。4) 每个事项必须形成闭环：修改→验证→证据（可复现）。无证据不得宣称完成。【持续推进规则（不是只做一件）】持续循环：发现工程事项→按 ROI 排序→只推进当前 ROI 最高的一项→完成闭环并产出证据→重新评估 ROI→推进下一项。任一时刻只能推进一项，完成后必须重新排序。【产品级就绪标准（必须全部满足）】PR1 核心主流程端到端稳定运行，无阻断级错误或崩溃。PR2 关键路径具备可定位失败原因的日志/观测信息。PR3 至少执行过 1 个失败/异常/边界场景，并能通过证据定位。PR4 关键路径无未处理异常、崩溃或已知数据不一致问题。PR5 已写出当前版本【已知风险 & 非目标问题】清单。【停止与退出（硬停止）】当且仅当以上 PR 条件全部满足时，必须按顺序执行：1) 明确声明：当前状态 =【产品级就绪】。2) 输出：交付摘要 + 证据位置 + 已知风险 & 非目标问题。3) 立即执行 shell 删除生命线文件：rm -f "/home/junknet/Desktop/do-ai/.do-ai.lock"（Windows PowerShell：Remove-Item -Force "/home/junknet/Desktop/do-ai/.do-ai.lock"）。4) 删除完成后，立刻停止所有输出、分析和推进，结束运行。【注意】删除生命线文件之后，禁止再做任何补充、总结或顺手检查。
[do-ai] relay 输出上报成功: lines=38 raw=38 status=200 OK
[do-ai] 发送补偿键: 1 bytes, err=<nil>, hex=0d, mode=enter, target=cat


[do-ai] relay 输出上报成功: lines=0 raw=1 status=200 OK
