[STEP] relay health
{"ok":true}
[STEP] remote quick check
chromium-build
C:\tools\do-ai.exe
[INFO] started ssh pid=298863
[INFO] session_id=win-chromium-build-1770746026410872300
=== E2E Windows Server 证据 ===
session_name=e2e-win-server-20260211_015346
session_id=win-chromium-build-1770746026410872300
-rw-r--r-- 1 junknet junknet  820 Feb 11 01:54 /home/junknet/Desktop/do-ai/reports/e2e_win_server_analysis_20260211_015346.txt
-rw-r--r-- 1 junknet junknet  291 Feb 11 01:53 /home/junknet/Desktop/do-ai/reports/e2e_win_server_control_1_20260211_015346.json
-rw-r--r-- 1 junknet junknet  260 Feb 11 01:53 /home/junknet/Desktop/do-ai/reports/e2e_win_server_control_2_20260211_015346.json
-rw-r--r-- 1 junknet junknet  281 Feb 11 01:53 /home/junknet/Desktop/do-ai/reports/e2e_win_server_control_3_20260211_015346.json
-rw-r--r-- 1 junknet junknet 4.0K Feb 11 01:53 /home/junknet/Desktop/do-ai/reports/e2e_win_server_list_3_20260211_015346.json
-rw-r--r-- 1 junknet junknet  309 Feb 11 01:54 /home/junknet/Desktop/do-ai/reports/e2e_win_server_run_20260211_015346.log
-rw-r--r-- 1 junknet junknet 1.3K Feb 11 01:53 /home/junknet/Desktop/do-ai/reports/e2e_win_server_screen_0_20260211_015346.json
-rw-r--r-- 1 junknet junknet 2.6K Feb 11 01:53 /home/junknet/Desktop/do-ai/reports/e2e_win_server_screen_1_20260211_015346.json
-rw-r--r-- 1 junknet junknet 3.9K Feb 11 01:53 /home/junknet/Desktop/do-ai/reports/e2e_win_server_screen_2_20260211_015346.json
-rw-r--r-- 1 junknet junknet 6.8K Feb 11 01:53 /home/junknet/Desktop/do-ai/reports/e2e_win_server_screen_3_20260211_015346.json
-rw-r--r-- 1 junknet junknet  840 Feb 11 01:53 /home/junknet/Desktop/do-ai/reports/e2e_win_server_sessions_20260211_015346.json
-rw-r--r-- 1 junknet junknet 3.6K Feb 11 01:54 /home/junknet/Desktop/do-ai/reports/e2e_win_server_ssh_20260211_015346.log
-rw-r--r-- 1 junknet junknet  285 Feb 11 01:53 /home/junknet/Desktop/do-ai/reports/e2e_win_server_terminate_20260211_015346.json

=== E2E Windows Server SSH 断言 ===
revision_chain=497->498->499->500
三次 control/send 均成功: PASS
终止指令发送成功: PASS
出现 Win token 回显: PASS
出现 Windows 版本信息: PASS
出现 do-ai.exe 路径信息: FAIL
screen revision 有增量: PASS
无 panic/fatal/segfault: PASS
overall=FAIL

=== screen3 前12行 ===
L00: Microsoft Windows [版本 10.0.20348.4529]
L01: (c) Microsoft Corporation。保留所有权利。
L02: 
L03: administrator@CHROMIUM-BUILD C:\Users\administrator>echo WIN_E2E_TOKEN_20260211_015346
L04: WIN_E2E_TOKEN_20260211_015346
L05: 
L06: administrator@CHROMIUM-BUILD C:\Users\administrator>
L07: administrator@CHROMIUM-BUILD C:\Users\administrator>
L08: administrator@CHROMIUM-BUILD C:\Users\administrator>ver
L09: 
L10: Microsoft Windows [版本 10.0.20348.4529]
L11: 
