[INFO] started host do-ai pid=3266286
[STEP] wait for two kicks...
[INFO] session_id=do-junknet-home-1770742691869410581
[INFO] tap session card @ 471,160
=== E2E 真机 GUI 证据 ===
session_name=e2e-no-tmux-phone-gui-20260211_005811
session_id=do-junknet-home-1770742691869410581
-rw-r--r-- 1 junknet junknet 4.4K Feb 11 00:58 /home/junknet/Desktop/do-ai/reports/e2e_no_tmux_phone_gui_analysis_20260211_005811.txt
-rw-r--r-- 1 junknet junknet  217 Feb 11 00:58 /home/junknet/Desktop/do-ai/reports/e2e_no_tmux_phone_gui_device_20260211_005811.log
-rw-r--r-- 1 junknet junknet 578K Feb 11 00:58 /home/junknet/Desktop/do-ai/reports/e2e_no_tmux_phone_gui_home_20260211_005811.png
-rw-r--r-- 1 junknet junknet  31K Feb 11 00:58 /home/junknet/Desktop/do-ai/reports/e2e_no_tmux_phone_gui_list_20260211_005811.json
-rw-r--r-- 1 junknet junknet  14K Feb 11 00:58 /home/junknet/Desktop/do-ai/reports/e2e_no_tmux_phone_gui_output_20260211_005811.log
-rw-r--r-- 1 junknet junknet  283 Feb 11 00:58 /home/junknet/Desktop/do-ai/reports/e2e_no_tmux_phone_gui_run_20260211_005811.log
-rw-r--r-- 1 junknet junknet  69K Feb 11 00:58 /home/junknet/Desktop/do-ai/reports/e2e_no_tmux_phone_gui_screen_20260211_005811.json
-rw-r--r-- 1 junknet junknet 1.3K Feb 11 00:58 /home/junknet/Desktop/do-ai/reports/e2e_no_tmux_phone_gui_sessions_20260211_005811.json
-rw-r--r-- 1 junknet junknet 576K Feb 11 00:58 /home/junknet/Desktop/do-ai/reports/e2e_no_tmux_phone_gui_terminal_20260211_005811.png

=== E2E 真机 GUI 断言 ===
kick_count=3
bracketed=true in debug=False
has ESC[200~ prefix=False
has ESC[201~ suffix=False
panic_or_crash_like=False
screen_line_count=31 revision=451
screen_has_tmux_status_bar=False
output_event_count=81

=== 屏幕前8行 ===
L00: 继续执行，别停，别问。我当前离线（睡觉中）。你是【被监工的执行 Agent】，继续执行当前任务，无需等待确认，可以直接执行 shell。本次运行的生命线文件（sentinel）为：/home/junknet/Desktop/do-ai/.do-ai.lock。【硬性约束（必须遵守）】1) 以下内容是行为约束而非建议，必须严格执行。2) 禁止新增需求、禁止扩大范围、禁止结构性重构、禁止“顺手优化”。3) 只允许工程事项：Bug/崩溃/正确性、可观测性（日志/监控）、测试缺口、阻塞级性能问题。4) 每个事项必须形成闭环
L01: ：修改→验证→证据（可复现）。无证据不得宣称完成。【持续推进规则（不是只做一件）】持续循环：发现工程事项→按 ROI 排序→只推进当前 ROI 最高的一项→完成闭环并产出证据→重新评估 ROI→推进下一项。任一时刻只能推进一项，完成后必须重新排序。【产品级就绪标准（必须全部满足）】PR1 核心主流程端到端稳定运行，无阻断级错误或崩溃。PR2 关键路径具备可定位失败原因的日志/观测信息。PR3 至少执行过 1 个失败/异常/边界场景，并能通过证据定位。PR4 关键路径无未处理异常、崩溃或已知数据不一致问题。PR5 已
L02: 写出当前版本【已知风险 & 非目标问题】清单。【停止与退出（硬停止）】当且仅当以上 PR 条件全部满足时，必须按顺序执行：1) 明确声明：当前状态 =【产品级就绪】。2) 输出：交付摘要 + 证据位置 + 已知风险 & 非目标问题。3) 立即执行 shell 删除生命线文件：rm -f "/home/junknet/Desktop/do-ai/.do-ai.lock"（Windows PowerShell：Remove-Item -Force "/home/junknet/Desktop/do-ai/.do-ai.
L03: lock"）。4) 删除完成后，立刻停止所有输出、分析和推进，结束运行。【注意】删除生命线文件之后，禁止再做任何补充、总结或顺手检查。
L04: 继续执行，别停，别问。我当前离线（睡觉中）。你是【被监工的执行 Agent】，继续执行当前任务，无需等待确认，可以直接执行 shell。本次运行的生命线文件（sentinel）为：/home/junknet/Desktop/do-ai/.do-ai.lock。【硬性约束（必须遵守）】1) 以下内容是行为约束而非建议，必须严格执行。2) 禁止新增需求、禁止扩大范围、禁止结构性重构、禁止“顺手优化”。3) 只允许工程事项：Bug/崩溃/正确性、可观测性（日志/监控）、测试缺口、阻塞级性能问题。4) 每个事项必须形成闭环
L05: ：修改→验证→证据（可复现）。无证据不得宣称完成。【持续推进规则（不是只做一件）】持续循环：发现工程事项→按 ROI 排序→只推进当前 ROI 最高的一项→完成闭环并产出证据→重新评估 ROI→推进下一项。任一时刻只能推进一项，完成后必须重新排序。【产品级就绪标准（必须全部满足）】PR1 核心主流程端到端稳定运行，无阻断级错误或崩溃。PR2 关键路径具备可定位失败原因的日志/观测信息。PR3 至少执行过 1 个失败/异常/边界场景，并能通过证据定位。PR4 关键路径无未处理异常、崩溃或已知数据不一致问题。PR5 已
L06: 写出当前版本【已知风险 & 非目标问题】清单。【停止与退出（硬停止）】当且仅当以上 PR 条件全部满足时，必须按顺序执行：1) 明确声明：当前状态 =【产品级就绪】。2) 输出：交付摘要 + 证据位置 + 已知风险 & 非目标问题。3) 立即执行 shell 删除生命线文件：rm -f "/home/junknet/Desktop/do-ai/.do-ai.lock"（Windows PowerShell：Remove-Item -Force "/home/junknet/Desktop/do-ai/.do-ai.
L07: lock"）。4) 删除完成后，立刻停止所有输出、分析和推进，结束运行。【注意】删除生命线文件之后，禁止再做任何补充、总结或顺手检查。

=== 结论 ===
至少2次注入: PASS
bracketed开启: FAIL
包含ESC前后缀: FAIL
无panic/crash: PASS
无tmux状态栏: PASS
overall=FAIL
