WINDOW MANAGER WINDOWS (dumpsys window windows)
  Window #0 Window{1525d40 u0 ScreenDecorOverlayBottom}:
    mDisplayId=0 rootTaskId=1 mSession=Session{107529f 2421:u0a10211} mClient=android.os.BinderProxy@248e472
    mOwnerUid=10211 showForAllUsers=true package=com.android.systemui appop=NONE
    mAttrs={(0,0)(fillxwrap) gr=BOTTOM CENTER_VERTICAL sim={adjust=pan} layoutInDisplayCutoutMode=always ty=NAVIGATION_BAR_PANEL fmt=TRANSLUCENT
      fl=NOT_FOCUSABLE NOT_TOUCH_MODAL LAYOUT_IN_SCREEN SPLIT_TOUCH FLAG_SLIPPERY
      pfl=SHOW_FOR_ALL_USERS NO_MOVE_ANIMATION IS_ROUNDED_CORNERS_OVERLAY COLOR_SPACE_AGNOSTIC USE_BLAST FIT_INSETS_CONTROLLED TRUSTED_OVERLAY
      vsysui=LAYOUT_STABLE
      bhv=DEFAULT}
    Requested w=1080 h=83 mLayoutSeq=1113
    mBaseLayer=251000 mSubLayer=0    mToken=WindowToken{d030c3 type=2024 android.os.BinderProxy@248e472}
    mViewVisibility=0x0 mHaveFrame=true mObscured=false
    mGivenContentInsets=[0,0][0,0] mGivenVisibleInsets=[0,0][0,0]
    mTouchableInsets=3 mGivenInsetsPending=false
    touchable region=SkRegion()
    mFullConfiguration={1.0 ?mcc?mnc [zh_CN_#Hans] ldltr sw392dp w392dp h750dp 440dpi nrml long hdr widecg port finger -keyb/v/h -nav/h winConfig={ mBounds=Rect(0, 0 - 1080, 2280) mAppBounds=Rect(0, 0 - 1080, 2148) mMaxBounds=Rect(0, 0 - 1080, 2280) mDisplayRotation=ROTATION_0 mWindowingMode=fullscreen mDisplayWindowingMode=fullscreen mActivityType=undefined mAlwaysOnTop=undefined mRotation=ROTATION_0} s.13 fontWeightAdjustment=0}
    mLastReportedConfiguration={1.0 ?mcc?mnc [zh_CN_#Hans] ldltr sw392dp w392dp h750dp 440dpi nrml long hdr widecg port finger -keyb/v/h -nav/h winConfig={ mBounds=Rect(0, 0 - 1080, 2280) mAppBounds=Rect(0, 0 - 1080, 2148) mMaxBounds=Rect(0, 0 - 1080, 2280) mDisplayRotation=ROTATION_0 mWindowingMode=fullscreen mDisplayWindowingMode=fullscreen mActivityType=undefined mAlwaysOnTop=undefined mRotation=ROTATION_0} s.13 fontWeightAdjustment=0}
    mHasSurface=true isReadyForDisplay()=true mWindowRemovalAllowed=false
    Frames: parent=[0,0][1080,2280] display=[0,0][1080,2280] frame=[0,2197][1080,2280] last=[0,2197][1080,2280] insetsChanged=false
     surface=[0,0][0,0]
    WindowStateAnimator{192a8e3 ScreenDecorOverlayBottom}:
      mSurface=Surface(name=ScreenDecorOverlayBottom)/@0xd7942e0
      Surface: shown=true layer=0 alpha=1.0 rect=(0.0,0.0)  transform=(1.0, 0.0, 0.0, 1.0)
      mDrawState=HAS_DRAWN       mLastHidden=false
      mEnterAnimationPending=false      mSystemDecorRect=[0,0][0,0]
    mLastFreezeDuration=+15s538ms
    mForceSeamlesslyRotate=true seamlesslyRotate: pending=null    isOnScreen=true
    isVisible=true
    keepClearAreas: restricted=[], unrestricted=[]
  Window #1 Window{4a0a34b u0 ScreenDecorOverlay}:
    mDisplayId=0 rootTaskId=1 mSession=Session{107529f 2421:u0a10211} mClient=android.os.BinderProxy@f0aaac5
    mOwnerUid=10211 showForAllUsers=true package=com.android.systemui appop=NONE
    mAttrs={(0,0)(fillxwrap) gr=TOP CENTER_VERTICAL sim={adjust=pan} layoutInDisplayCutoutMode=always ty=NAVIGATION_BAR_PANEL fmt=TRANSLUCENT
      fl=NOT_FOCUSABLE NOT_TOUCH_MODAL LAYOUT_IN_SCREEN SPLIT_TOUCH FLAG_SLIPPERY
      pfl=SHOW_FOR_ALL_USERS NO_MOVE_ANIMATION IS_ROUNDED_CORNERS_OVERLAY COLOR_SPACE_AGNOSTIC USE_BLAST FIT_INSETS_CONTROLLED TRUSTED_OVERLAY
      vsysui=LAYOUT_STABLE
      bhv=DEFAULT}
    Requested w=1080 h=83 mLayoutSeq=1113
    mBaseLayer=251000 mSubLayer=0    mToken=WindowToken{f0ec1a type=2024 android.os.BinderProxy@f0aaac5}
    mViewVisibility=0x0 mHaveFrame=true mObscured=false
    mGivenContentInsets=[0,0][0,0] mGivenVisibleInsets=[0,0][0,0]
    mTouchableInsets=3 mGivenInsetsPending=false
    touchable region=SkRegion()
    mFullConfiguration={1.0 ?mcc?mnc [zh_CN_#Hans] ldltr sw392dp w392dp h750dp 440dpi nrml long hdr widecg port finger -keyb/v/h -nav/h winConfig={ mBounds=Rect(0, 0 - 1080, 2280) mAppBounds=Rect(0, 0 - 1080, 2148) mMaxBounds=Rect(0, 0 - 1080, 2280) mDisplayRotation=ROTATION_0 mWindowingMode=fullscreen mDisplayWindowingMode=fullscreen mActivityType=undefined mAlwaysOnTop=undefined mRotation=ROTATION_0} s.13 fontWeightAdjustment=0}
    mLastReportedConfiguration={1.0 ?mcc?mnc [zh_CN_#Hans] ldltr sw392dp w392dp h750dp 440dpi nrml long hdr widecg port finger -keyb/v/h -nav/h winConfig={ mBounds=Rect(0, 0 - 1080, 2280) mAppBounds=Rect(0, 0 - 1080, 2148) mMaxBounds=Rect(0, 0 - 1080, 2280) mDisplayRotation=ROTATION_0 mWindowingMode=fullscreen mDisplayWindowingMode=fullscreen mActivityType=undefined mAlwaysOnTop=undefined mRotation=ROTATION_0} s.13 fontWeightAdjustment=0}
    mHasSurface=true isReadyForDisplay()=true mWindowRemovalAllowed=false
    Frames: parent=[0,0][1080,2280] display=[0,0][1080,2280] frame=[0,0][1080,83] last=[0,0][1080,83] insetsChanged=false
     surface=[0,0][0,0]
    WindowStateAnimator{841e999 ScreenDecorOverlay}:
      mSurface=Surface(name=ScreenDecorOverlay)/@0xe93445e
      Surface: shown=true layer=0 alpha=1.0 rect=(0.0,0.0)  transform=(1.0, 0.0, 0.0, 1.0)
      mDrawState=HAS_DRAWN       mLastHidden=false
      mEnterAnimationPending=false      mSystemDecorRect=[0,0][0,0]
    mLastFreezeDuration=+15s524ms
    mForceSeamlesslyRotate=true seamlesslyRotate: pending=null    isOnScreen=true
    isVisible=true
    keepClearAreas: restricted=[], unrestricted=[]
  Window #2 Window{ed9fa88 u0 pip-dismiss-overlay}:
    mDisplayId=0 rootTaskId=1 mSession=Session{107529f 2421:u0a10211} mClient=android.os.BinderProxy@3281e7a
    mOwnerUid=10211 showForAllUsers=true package=com.android.systemui appop=NONE
    mAttrs={(0,773)(fillx1507) sim={adjust=pan} layoutInDisplayCutoutMode=always ty=NAVIGATION_BAR_PANEL fmt=TRANSLUCENT
      fl=NOT_FOCUSABLE NOT_TOUCHABLE LAYOUT_IN_SCREEN HARDWARE_ACCELERATED
      pfl=SHOW_FOR_ALL_USERS USE_BLAST FIT_INSETS_CONTROLLED
      bhv=DEFAULT}
    Requested w=1080 h=1507 mLayoutSeq=62
    mBaseLayer=251000 mSubLayer=0    mToken=WindowToken{dba562b type=2024 android.os.BinderProxy@3281e7a}
    mViewVisibility=0x4 mHaveFrame=true mObscured=false
    mGivenContentInsets=[0,0][0,0] mGivenVisibleInsets=[0,0][0,0]
    mFullConfiguration={1.0 ?mcc?mnc [zh_CN_#Hans] ldltr sw392dp w392dp h750dp 440dpi nrml long hdr widecg port finger -keyb/v/h -nav/h winConfig={ mBounds=Rect(0, 0 - 1080, 2280) mAppBounds=Rect(0, 0 - 1080, 2148) mMaxBounds=Rect(0, 0 - 1080, 2280) mDisplayRotation=ROTATION_0 mWindowingMode=fullscreen mDisplayWindowingMode=fullscreen mActivityType=undefined mAlwaysOnTop=undefined mRotation=ROTATION_0} s.13 fontWeightAdjustment=0}
    mLastReportedConfiguration={0.0 ?mcc?mnc ?localeList ?layoutDir ?swdp ?wdp ?hdp ?density ?lsize ?long ?ldr ?wideColorGamut ?orien ?uimode ?night ?touch ?keyb/?/? ?nav/? winConfig={ mBounds=Rect(0, 0 - 0, 0) mAppBounds=null mMaxBounds=Rect(0, 0 - 0, 0) mDisplayRotation=undefined mWindowingMode=undefined mDisplayWindowingMode=undefined mActivityType=undefined mAlwaysOnTop=undefined mRotation=undefined} ?fontWeightAdjustment}
    mHasSurface=false isReadyForDisplay()=false mWindowRemovalAllowed=false
    Frames: parent=[0,0][1080,2280] display=[0,0][1080,2280] frame=[0,773][1080,2280] last=[0,773][1080,2280] insetsChanged=false
     surface=[0,0][0,0]
    WindowStateAnimator{23cf03f pip-dismiss-overlay}:
      mDrawState=NO_SURFACE       mLastHidden=false
      mEnterAnimationPending=false      mSystemDecorRect=[0,0][0,0]
      mShownAlpha=0.0 mAlpha=1.0 mLastAlpha=0.0
    mForceSeamlesslyRotate=false seamlesslyRotate: pending=null    isOnScreen=false
    isVisible=false
    keepClearAreas: restricted=[], unrestricted=[]
  Window #3 Window{4d9a132 u0 NavigationBar0}:
    mDisplayId=0 rootTaskId=1 mSession=Session{107529f 2421:u0a10211} mClient=android.os.BinderProxy@c955694
    mOwnerUid=10211 showForAllUsers=true package=com.android.systemui appop=NONE
    mAttrs={(0,0)(fillx132) gr=BOTTOM CENTER_VERTICAL sim={adjust=pan} layoutInDisplayCutoutMode=always ty=NAVIGATION_BAR fmt=TRANSLUCENT
      fl=NOT_FOCUSABLE NOT_TOUCH_MODAL TOUCHABLE_WHEN_WAKING WATCH_OUTSIDE_TOUCH SPLIT_TOUCH FLAG_SLIPPERY
      pfl=COLOR_SPACE_AGNOSTIC USE_BLAST FIT_INSETS_CONTROLLED TRUSTED_OVERLAY
      bhv=DEFAULT
 providedInternalInsets=null Insets{left=0, top=0, right=0, bottom=0} null null null null null null null null null null null null null null null null null null null null null null
      paramsForRotation={(0,0)(fillx132) gr=BOTTOM CENTER_VERTICAL layoutInDisplayCutoutMode=always ty=NAVIGATION_BAR fmt=TRANSLUCENT
  fl=NOT_FOCUSABLE NOT_TOUCH_MODAL TOUCHABLE_WHEN_WAKING WATCH_OUTSIDE_TOUCH SPLIT_TOUCH FLAG_SLIPPERY
  pfl=COLOR_SPACE_AGNOSTIC FIT_INSETS_CONTROLLED TRUSTED_OVERLAY
  bhv=DEFAULT
 providedInternalInsets=null Insets{left=0, top=0, right=0, bottom=0} null null null null null null null null null null null null null null null null null null null null null null} {(0,0)(132xfill) gr=RIGHT CENTER_HORIZONTAL layoutInDisplayCutoutMode=always ty=NAVIGATION_BAR fmt=TRANSLUCENT
  fl=NOT_FOCUSABLE NOT_TOUCH_MODAL TOUCHABLE_WHEN_WAKING WATCH_OUTSIDE_TOUCH SPLIT_TOUCH FLAG_SLIPPERY
  pfl=COLOR_SPACE_AGNOSTIC FIT_INSETS_CONTROLLED TRUSTED_OVERLAY
  bhv=DEFAULT
 providedInternalInsets=null null null null null null null null null null null null null null null null null null null null null null null null} {(0,0)(fillx132) gr=BOTTOM CENTER_VERTICAL layoutInDisplayCutoutMode=always ty=NAVIGATION_BAR fmt=TRANSLUCENT
  fl=NOT_FOCUSABLE NOT_TOUCH_MODAL TOUCHABLE_WHEN_WAKING WATCH_OUTSIDE_TOUCH SPLIT_TOUCH FLAG_SLIPPERY
  pfl=COLOR_SPACE_AGNOSTIC FIT_INSETS_CONTROLLED TRUSTED_OVERLAY
  bhv=DEFAULT
 providedInternalInsets=null Insets{left=0, top=0, right=0, bottom=0} null null null null null null null null null null null null null null null null null null null null null null} {(0,0)(132xfill) gr=LEFT CENTER_HORIZONTAL layoutInDisplayCutoutMode=always ty=NAVIGATION_BAR fmt=TRANSLUCENT
  fl=NOT_FOCUSABLE NOT_TOUCH_MODAL TOUCHABLE_WHEN_WAKING WATCH_OUTSIDE_TOUCH SPLIT_TOUCH FLAG_SLIPPERY
  pfl=COLOR_SPACE_AGNOSTIC FIT_INSETS_CONTROLLED TRUSTED_OVERLAY
  bhv=DEFAULT
 providedInternalInsets=null null null null null null null null null null null null null null null null null null null null null null null null}}
    Requested w=1080 h=132 mLayoutSeq=1113
    mBaseLayer=241000 mSubLayer=0    mToken=WindowToken{66f253d type=2019 android.os.BinderProxy@2d0aae7}
    mViewVisibility=0x0 mHaveFrame=true mObscured=false
    mGivenContentInsets=[0,0][0,0] mGivenVisibleInsets=[0,0][0,0]
    mTouchableInsets=3 mGivenInsetsPending=false
    touchable region=SkRegion((169,2148,354,2280)(430,2148,650,2280)(724,2148,910,2280))
    mFullConfiguration={1.0 ?mcc?mnc [zh_CN_#Hans] ldltr sw392dp w392dp h750dp 440dpi nrml long hdr widecg port finger -keyb/v/h -nav/h winConfig={ mBounds=Rect(0, 0 - 1080, 2280) mAppBounds=Rect(0, 0 - 1080, 2148) mMaxBounds=Rect(0, 0 - 1080, 2280) mDisplayRotation=ROTATION_0 mWindowingMode=fullscreen mDisplayWindowingMode=fullscreen mActivityType=undefined mAlwaysOnTop=undefined mRotation=ROTATION_0} s.13 fontWeightAdjustment=0}
    mLastReportedConfiguration={1.0 ?mcc?mnc [zh_CN_#Hans] ldltr sw392dp w392dp h750dp 440dpi nrml long hdr widecg port finger -keyb/v/h -nav/h winConfig={ mBounds=Rect(0, 0 - 1080, 2280) mAppBounds=Rect(0, 0 - 1080, 2148) mMaxBounds=Rect(0, 0 - 1080, 2280) mDisplayRotation=ROTATION_0 mWindowingMode=fullscreen mDisplayWindowingMode=fullscreen mActivityType=undefined mAlwaysOnTop=undefined mRotation=ROTATION_0} s.13 fontWeightAdjustment=0}
    mHasSurface=true isReadyForDisplay()=true mWindowRemovalAllowed=false
    Frames: parent=[0,0][1080,2280] display=[0,0][1080,2280] frame=[0,2148][1080,2280] last=[0,2148][1080,2280] insetsChanged=false
     surface=[0,0][0,0]
    ContainerAnimator:
      mLeash=Surface(name=Surface(name=4d9a132 NavigationBar0)/@0x52ac660 - animation-leash of insets_animation)/@0x4dfad0c mAnimationType=insets_animation
      Animation: com.android.server.wm.InsetsSourceProvider$ControlAdapter@d3e8655
        ControlAdapter mCapturedLeash=Surface(name=Surface(name=4d9a132 NavigationBar0)/@0x52ac660 - animation-leash of insets_animation)/@0x4dfad0c
    WindowStateAnimator{b4b486a NavigationBar0}:
      mSurface=Surface(name=NavigationBar0)/@0xb1a515b
      Surface: shown=true layer=0 alpha=1.0 rect=(0.0,0.0)  transform=(1.0, 0.0, 0.0, 1.0)
      mDrawState=HAS_DRAWN       mLastHidden=false
      mEnterAnimationPending=false      mSystemDecorRect=[0,0][0,0]
    mLastFreezeDuration=+15s533ms
    mForceSeamlesslyRotate=false seamlesslyRotate: pending=null    isOnScreen=true
    isVisible=true
    keepClearAreas: restricted=[], unrestricted=[]
  Window #4 Window{aecf u0 NotificationShade}:
    mDisplayId=0 rootTaskId=1 mSession=Session{107529f 2421:u0a10211} mClient=android.os.BinderProxy@cd8bae2
    mOwnerUid=10211 showForAllUsers=true package=com.android.systemui appop=NONE
    mAttrs={(0,0)(fillxfill) gr=TOP CENTER_VERTICAL sim={adjust=resize} layoutInDisplayCutoutMode=always ty=2040 fmt=TRANSLUCENT
      fl=NOT_FOCUSABLE TOUCHABLE_WHEN_WAKING WATCH_OUTSIDE_TOUCH SPLIT_TOUCH HARDWARE_ACCELERATED DRAWS_SYSTEM_BAR_BACKGROUNDS
      pfl=COLOR_SPACE_AGNOSTIC USE_BLAST BEHAVIOR_CONTROLLED FIT_INSETS_CONTROLLED
      vsysui=LIGHT_STATUS_BAR LIGHT_NAVIGATION_BAR
      apr=LIGHT_STATUS_BARS LIGHT_NAVIGATION_BARS
      bhv=SHOW_TRANSIENT_BARS_BY_SWIPE}
    Requested w=1080 h=2280 mLayoutSeq=739
    mBaseLayer=171000 mSubLayer=0    mToken=WindowToken{2cba32e type=2040 android.os.BinderProxy@ad8d7ad}
    mViewVisibility=0x4 mHaveFrame=true mObscured=false
    mGivenContentInsets=[0,0][0,0] mGivenVisibleInsets=[0,0][0,0]
    mFullConfiguration={1.0 ?mcc?mnc [zh_CN_#Hans] ldltr sw392dp w392dp h750dp 440dpi nrml long hdr widecg port finger -keyb/v/h -nav/h winConfig={ mBounds=Rect(0, 0 - 1080, 2280) mAppBounds=Rect(0, 0 - 1080, 2148) mMaxBounds=Rect(0, 0 - 1080, 2280) mDisplayRotation=ROTATION_0 mWindowingMode=fullscreen mDisplayWindowingMode=fullscreen mActivityType=undefined mAlwaysOnTop=undefined mRotation=ROTATION_0} s.13 fontWeightAdjustment=0}
    mLastReportedConfiguration={1.0 ?mcc?mnc [zh_CN_#Hans] ldltr sw392dp w392dp h750dp 440dpi nrml long hdr widecg port finger -keyb/v/h -nav/h winConfig={ mBounds=Rect(0, 0 - 1080, 2280) mAppBounds=Rect(0, 0 - 1080, 2148) mMaxBounds=Rect(0, 0 - 1080, 2280) mDisplayRotation=ROTATION_0 mWindowingMode=fullscreen mDisplayWindowingMode=fullscreen mActivityType=undefined mAlwaysOnTop=undefined mRotation=ROTATION_0} s.13 fontWeightAdjustment=0}
    mHasSurface=false isReadyForDisplay()=false mWindowRemovalAllowed=false
    Frames: parent=[0,0][1080,2280] display=[0,0][1080,2280] frame=[0,0][1080,2280] last=[0,0][1080,2280] insetsChanged=false
     surface=[0,0][0,0]
    WindowStateAnimator{6608df8 NotificationShade}:
      mDrawState=NO_SURFACE       mLastHidden=false
      mEnterAnimationPending=false      mSystemDecorRect=[0,0][0,0]
    mForceSeamlesslyRotate=false seamlesslyRotate: pending=null    mWallpaperZoomOut=0.0
    isOnScreen=false
    isVisible=false
    keepClearAreas: restricted=[], unrestricted=[]
  Window #5 Window{5157ce1 u0 StatusBar}:
    mDisplayId=0 rootTaskId=1 mSession=Session{107529f 2421:u0a10211} mClient=android.os.BinderProxy@80368eb
    mOwnerUid=10211 showForAllUsers=true package=com.android.systemui appop=NONE
    mAttrs={(0,0)(fillx83) gr=TOP CENTER_VERTICAL sim={adjust=pan} layoutInDisplayCutoutMode=always ty=STATUS_BAR fmt=TRANSLUCENT
      fl=NOT_FOCUSABLE SPLIT_TOUCH HARDWARE_ACCELERATED DRAWS_SYSTEM_BAR_BACKGROUNDS
      pfl=COLOR_SPACE_AGNOSTIC USE_BLAST FIT_INSETS_CONTROLLED
      bhv=DEFAULT
      paramsForRotation={(0,0)(fillx83) gr=TOP CENTER_VERTICAL layoutInDisplayCutoutMode=always ty=STATUS_BAR fmt=TRANSLUCENT
  fl=NOT_FOCUSABLE SPLIT_TOUCH DRAWS_SYSTEM_BAR_BACKGROUNDS
  pfl=COLOR_SPACE_AGNOSTIC FIT_INSETS_CONTROLLED
  bhv=DEFAULT} {(0,0)(fillx83) gr=TOP CENTER_VERTICAL layoutInDisplayCutoutMode=always ty=STATUS_BAR fmt=TRANSLUCENT
  fl=NOT_FOCUSABLE SPLIT_TOUCH DRAWS_SYSTEM_BAR_BACKGROUNDS
  pfl=COLOR_SPACE_AGNOSTIC FIT_INSETS_CONTROLLED
  bhv=DEFAULT} {(0,0)(fillx83) gr=TOP CENTER_VERTICAL layoutInDisplayCutoutMode=always ty=STATUS_BAR fmt=TRANSLUCENT
  fl=NOT_FOCUSABLE SPLIT_TOUCH DRAWS_SYSTEM_BAR_BACKGROUNDS
  pfl=COLOR_SPACE_AGNOSTIC FIT_INSETS_CONTROLLED
  bhv=DEFAULT} {(0,0)(fillx83) gr=TOP CENTER_VERTICAL layoutInDisplayCutoutMode=always ty=STATUS_BAR fmt=TRANSLUCENT
  fl=NOT_FOCUSABLE SPLIT_TOUCH DRAWS_SYSTEM_BAR_BACKGROUNDS
  pfl=COLOR_SPACE_AGNOSTIC FIT_INSETS_CONTROLLED
  bhv=DEFAULT}}
    Requested w=1080 h=83 mLayoutSeq=1113
    mBaseLayer=151000 mSubLayer=0    mToken=WindowToken{42d7648 type=2000 android.os.BinderProxy@2f2c43a}
    mViewVisibility=0x0 mHaveFrame=true mObscured=false
    mGivenContentInsets=[0,0][0,0] mGivenVisibleInsets=[0,0][0,0]
    mFullConfiguration={1.0 ?mcc?mnc [zh_CN_#Hans] ldltr sw392dp w392dp h750dp 440dpi nrml long hdr widecg port finger -keyb/v/h -nav/h winConfig={ mBounds=Rect(0, 0 - 1080, 2280) mAppBounds=Rect(0, 0 - 1080, 2148) mMaxBounds=Rect(0, 0 - 1080, 2280) mDisplayRotation=ROTATION_0 mWindowingMode=fullscreen mDisplayWindowingMode=fullscreen mActivityType=undefined mAlwaysOnTop=undefined mRotation=ROTATION_0} s.13 fontWeightAdjustment=0}
    mLastReportedConfiguration={1.0 ?mcc?mnc [zh_CN_#Hans] ldltr sw392dp w392dp h750dp 440dpi nrml long hdr widecg port finger -keyb/v/h -nav/h winConfig={ mBounds=Rect(0, 0 - 1080, 2280) mAppBounds=Rect(0, 0 - 1080, 2148) mMaxBounds=Rect(0, 0 - 1080, 2280) mDisplayRotation=ROTATION_0 mWindowingMode=fullscreen mDisplayWindowingMode=fullscreen mActivityType=undefined mAlwaysOnTop=undefined mRotation=ROTATION_0} s.13 fontWeightAdjustment=0}
    mHasSurface=true isReadyForDisplay()=true mWindowRemovalAllowed=false
    Frames: parent=[0,0][1080,2280] display=[0,0][1080,2280] frame=[0,0][1080,83] last=[0,0][1080,83] insetsChanged=false
     surface=[0,0][0,0]
    ContainerAnimator:
      mLeash=Surface(name=Surface(name=5157ce1 StatusBar)/@0x5d20a63 - animation-leash of insets_animation)/@0x82e32d1 mAnimationType=insets_animation
      Animation: com.android.server.wm.InsetsSourceProvider$ControlAdapter@dcd8136
        ControlAdapter mCapturedLeash=Surface(name=Surface(name=5157ce1 StatusBar)/@0x5d20a63 - animation-leash of insets_animation)/@0x82e32d1
    WindowStateAnimator{3a2a837 StatusBar}:
      mSurface=Surface(name=StatusBar)/@0xd0c91a4
      Surface: shown=true layer=0 alpha=1.0 rect=(0.0,0.0)  transform=(1.0, 0.0, 0.0, 1.0)
      mDrawState=HAS_DRAWN       mLastHidden=false
      mEnterAnimationPending=false      mSystemDecorRect=[0,0][0,0]
    mLastFreezeDuration=+15s533ms
    mForceSeamlesslyRotate=false seamlesslyRotate: pending=null    isOnScreen=true
    isVisible=true
    keepClearAreas: restricted=[], unrestricted=[]
  Window #6 Window{44eec48 u0 ShellDropTarget}:
    mDisplayId=0 rootTaskId=1 mSession=Session{107529f 2421:u0a10211} mClient=android.os.BinderProxy@cde6c73
    mOwnerUid=10211 showForAllUsers=true package=com.android.systemui appop=SYSTEM_ALERT_WINDOW
    mAttrs={(0,0)(fillxfill) sim={adjust=pan} layoutInDisplayCutoutMode=always ty=APPLICATION_OVERLAY fmt=TRANSLUCENT
      fl=NOT_FOCUSABLE HARDWARE_ACCELERATED
      pfl=SHOW_FOR_ALL_USERS NO_MOVE_ANIMATION USE_BLAST FIT_INSETS_CONTROLLED INTERCEPT_GLOBAL_DRAG_AND_DROP
      bhv=DEFAULT}
    Requested w=1080 h=2280 mLayoutSeq=5
    mBaseLayer=111000 mSubLayer=0    mToken=WindowToken{3f56eaf type=2038 android.os.BinderProxy@d3b2801}
    mViewVisibility=0x4 mHaveFrame=true mObscured=false
    mGivenContentInsets=[0,0][0,0] mGivenVisibleInsets=[0,0][0,0]
    mFullConfiguration={1.0 ?mcc?mnc [zh_CN_#Hans] ldltr sw392dp w392dp h750dp 440dpi nrml long hdr widecg port finger -keyb/v/h -nav/h winConfig={ mBounds=Rect(0, 0 - 1080, 2280) mAppBounds=Rect(0, 0 - 1080, 2148) mMaxBounds=Rect(0, 0 - 1080, 2280) mDisplayRotation=ROTATION_0 mWindowingMode=fullscreen mDisplayWindowingMode=fullscreen mActivityType=undefined mAlwaysOnTop=undefined mRotation=ROTATION_0} s.13 fontWeightAdjustment=0}
    mLastReportedConfiguration={0.0 ?mcc?mnc ?localeList ?layoutDir ?swdp ?wdp ?hdp ?density ?lsize ?long ?ldr ?wideColorGamut ?orien ?uimode ?night ?touch ?keyb/?/? ?nav/? winConfig={ mBounds=Rect(0, 0 - 0, 0) mAppBounds=null mMaxBounds=Rect(0, 0 - 0, 0) mDisplayRotation=undefined mWindowingMode=undefined mDisplayWindowingMode=undefined mActivityType=undefined mAlwaysOnTop=undefined mRotation=undefined} ?fontWeightAdjustment}
    mHasSurface=false isReadyForDisplay()=false mWindowRemovalAllowed=false
    Frames: parent=[0,0][1080,2280] display=[0,0][1080,2280] frame=[0,0][1080,2280] last=[0,0][1080,2280] insetsChanged=false
     surface=[0,0][0,0]
    WindowStateAnimator{b922b0d ShellDropTarget}:
      mDrawState=NO_SURFACE       mLastHidden=false
      mEnterAnimationPending=false      mSystemDecorRect=[0,0][0,0]
      mShownAlpha=0.0 mAlpha=1.0 mLastAlpha=0.0
    mForceSeamlesslyRotate=false seamlesslyRotate: pending=null    isOnScreen=false
    isVisible=false
    keepClearAreas: restricted=[], unrestricted=[]
  Window #7 Window{4509ef9 u0 InputMethod}:
    mDisplayId=0 rootTaskId=1 mSession=Session{4f55170 3140:u0a10168} mClient=android.os.BinderProxy@225f1c0
    mOwnerUid=10168 showForAllUsers=false package=com.google.android.inputmethod.latin appop=NONE
    mAttrs={(0,0)(fillxfill) gr=BOTTOM CENTER_VERTICAL sim={adjust=pan} ty=INPUT_METHOD fmt=TRANSPARENT wanim=0x1030056 receive insets ignoring z-order
      fl=NOT_FOCUSABLE LAYOUT_IN_SCREEN SPLIT_TOUCH HARDWARE_ACCELERATED DRAWS_SYSTEM_BAR_BACKGROUNDS
      pfl=USE_BLAST FIT_INSETS_CONTROLLED
      vsysui=LIGHT_NAVIGATION_BAR
      apr=LIGHT_NAVIGATION_BARS
      bhv=DEFAULT
      fitTypes=STATUS_BARS NAVIGATION_BARS
      fitSides=LEFT TOP RIGHT}
    Requested w=1080 h=2197 mLayoutSeq=379
    mIsImWindow=true mIsWallpaper=false mIsFloatingLayer=true
    mBaseLayer=131000 mSubLayer=0    mToken=WindowToken{9edd2bc type=2011 android.os.Binder@99a5eaf}
    mViewVisibility=0x8 mHaveFrame=true mObscured=false
    mGivenContentInsets=[0,2065][0,0] mGivenVisibleInsets=[0,2065][0,0]
    mTouchableInsets=3 mGivenInsetsPending=false
    touchable region=SkRegion()
    mFullConfiguration={1.0 ?mcc?mnc [zh_CN_#Hans] ldltr sw392dp w392dp h750dp 440dpi nrml long hdr widecg port finger -keyb/v/h -nav/h winConfig={ mBounds=Rect(0, 0 - 1080, 2280) mAppBounds=Rect(0, 0 - 1080, 2148) mMaxBounds=Rect(0, 0 - 1080, 2280) mDisplayRotation=ROTATION_0 mWindowingMode=fullscreen mDisplayWindowingMode=fullscreen mActivityType=undefined mAlwaysOnTop=undefined mRotation=ROTATION_0} s.13 fontWeightAdjustment=0}
    mLastReportedConfiguration={1.0 ?mcc?mnc [zh_CN_#Hans] ldltr sw392dp w392dp h750dp 440dpi nrml long hdr widecg port finger -keyb/v/h -nav/h winConfig={ mBounds=Rect(0, 0 - 1080, 2280) mAppBounds=Rect(0, 0 - 1080, 2148) mMaxBounds=Rect(0, 0 - 1080, 2280) mDisplayRotation=ROTATION_0 mWindowingMode=fullscreen mDisplayWindowingMode=fullscreen mActivityType=undefined mAlwaysOnTop=undefined mRotation=ROTATION_0} s.13 fontWeightAdjustment=0}
    mHasSurface=false isReadyForDisplay()=false mWindowRemovalAllowed=false
    Frames: parent=[0,83][1080,2280] display=[0,83][1080,2280] frame=[0,83][1080,2280] last=[0,83][1080,2280] insetsChanged=false
     surface=[0,0][0,0]
    ContainerAnimator:
      mLeash=Surface(name=Surface(name=4509ef9 InputMethod)/@0x85869ec - animation-leash of insets_animation)/@0xf687ac2 mAnimationType=insets_animation
      Animation: com.android.server.wm.InsetsSourceProvider$ControlAdapter@8ef90d3
        ControlAdapter mCapturedLeash=Surface(name=Surface(name=4509ef9 InputMethod)/@0x85869ec - animation-leash of insets_animation)/@0xf687ac2
    WindowStateAnimator{2532410 InputMethod}:
       mAnimationIsEntrance=true      mDrawState=NO_SURFACE       mLastHidden=false
      mEnterAnimationPending=false      mSystemDecorRect=[0,0][0,0]
    mForceSeamlesslyRotate=false seamlesslyRotate: pending=null    isOnScreen=false
    isVisible=false
    keepClearAreas: restricted=[], unrestricted=[]
  Window #8 Window{69e0275 u0 com.anonymous.androidrn/com.anonymous.androidrn.MainActivity}:
    mDisplayId=0 rootTaskId=840 mSession=Session{32883fe 11726:u0a10242} mClient=android.os.BinderProxy@19d05ac
    mOwnerUid=10242 showForAllUsers=false package=com.anonymous.androidrn appop=NONE
    mAttrs={(0,0)(fillxfill) sim={adjust=resize forwardNavigation} layoutInDisplayCutoutMode=always ty=BASE_APPLICATION wanim=0x1030300
      fl=LAYOUT_IN_SCREEN LAYOUT_INSET_DECOR SPLIT_TOUCH HARDWARE_ACCELERATED DRAWS_SYSTEM_BAR_BACKGROUNDS
      pfl=NO_MOVE_ANIMATION FORCE_DRAW_STATUS_BAR_BACKGROUND USE_BLAST APPEARANCE_CONTROLLED BEHAVIOR_CONTROLLED FIT_INSETS_CONTROLLED
      vsysui=LIGHT_NAVIGATION_BAR
      apr=LIGHT_NAVIGATION_BARS
      bhv=SHOW_TRANSIENT_BARS_BY_SWIPE
      fitSides=}
    Requested w=1080 h=2280 mLayoutSeq=1113
    mBaseLayer=21000 mSubLayer=0    mToken=ActivityRecord{11f04d9 u0 com.anonymous.androidrn/.MainActivity} t840}
    mActivityRecord=ActivityRecord{11f04d9 u0 com.anonymous.androidrn/.MainActivity} t840}
    mAppDied=false    drawnStateEvaluated=true    mightAffectAllDrawn=true
    mViewVisibility=0x0 mHaveFrame=true mObscured=false
    mGivenContentInsets=[0,0][0,0] mGivenVisibleInsets=[0,0][0,0]
    mFullConfiguration={1.0 ?mcc?mnc [zh_CN_#Hans] ldltr sw392dp w392dp h750dp 440dpi nrml long hdr widecg port finger -keyb/v/h -nav/h winConfig={ mBounds=Rect(0, 0 - 1080, 2280) mAppBounds=Rect(0, 0 - 1080, 2148) mMaxBounds=Rect(0, 0 - 1080, 2280) mDisplayRotation=ROTATION_0 mWindowingMode=fullscreen mDisplayWindowingMode=fullscreen mActivityType=standard mAlwaysOnTop=undefined mRotation=ROTATION_0} s.1 fontWeightAdjustment=0}
    mLastReportedConfiguration={1.0 ?mcc?mnc [zh_CN_#Hans] ldltr sw392dp w392dp h750dp 440dpi nrml long hdr widecg port finger -keyb/v/h -nav/h winConfig={ mBounds=Rect(0, 0 - 1080, 2280) mAppBounds=Rect(0, 0 - 1080, 2148) mMaxBounds=Rect(0, 0 - 1080, 2280) mDisplayRotation=ROTATION_0 mWindowingMode=fullscreen mDisplayWindowingMode=fullscreen mActivityType=standard mAlwaysOnTop=undefined mRotation=ROTATION_0} s.1 fontWeightAdjustment=0}
    mHasSurface=true isReadyForDisplay()=true mWindowRemovalAllowed=false
    Frames: parent=[0,0][1080,2280] display=[0,0][1080,2280] frame=[0,0][1080,2280] last=[0,0][1080,2280] insetsChanged=false
     surface=[0,0][0,0]
    WindowStateAnimator{6c36b09 com.anonymous.androidrn/com.anonymous.androidrn.MainActivity}:
      mSurface=Surface(name=com.anonymous.androidrn/com.anonymous.androidrn.MainActivity)/@0xdc7810e
      Surface: shown=true layer=0 alpha=1.0 rect=(0.0,0.0)  transform=(1.0, 0.0, 0.0, 1.0)
      mDrawState=HAS_DRAWN       mLastHidden=false
      mEnterAnimationPending=false      mSystemDecorRect=[0,0][0,0]
    mForceSeamlesslyRotate=false seamlesslyRotate: pending=null    isOnScreen=true
    isVisible=true
    keepClearAreas: restricted=[], unrestricted=[]
  Window #9 Window{8cd3ec9 u0 (1-1)-Window{f203c4e alpha=1.0 fl=}}:
    mDisplayId=0 rootTaskId=1 mSession=Session{622971b 3679:u0a10150} mClient=android.os.BinderProxy@b54eed0
    mOwnerUid=10150 showForAllUsers=false package=com.google.android.apps.nexuslauncher appop=NONE
    mAttrs={(0,0)(fillxfill) gr=LEFT CENTER_HORIZONTAL sim={adjust=resize} layoutInDisplayCutoutMode=always ty=DRAWN_APPLICATION fmt=TRANSPARENT wanim=0x10302f4 alpha=0.0
      fl=NOT_FOCUSABLE NOT_TOUCHABLE LAYOUT_IN_SCREEN LAYOUT_INSET_DECOR WATCH_OUTSIDE_TOUCH SPLIT_TOUCH HARDWARE_ACCELERATED DRAWS_SYSTEM_BAR_BACKGROUNDS
      pfl=NO_MOVE_ANIMATION FORCE_DRAW_STATUS_BAR_BACKGROUND USE_BLAST APPEARANCE_CONTROLLED FIT_INSETS_CONTROLLED
      vsysui=LIGHT_STATUS_BAR LIGHT_NAVIGATION_BAR
      apr=LIGHT_STATUS_BARS LIGHT_NAVIGATION_BARS
      bhv=DEFAULT
      fitSides=}
    Requested w=1080 h=2280 mLayoutSeq=1095
    mBaseLayer=21000 mSubLayer=0    mToken=ActivityRecord{120b397 u0 com.google.android.apps.nexuslauncher/.NexusLauncherActivity} t815}
    mActivityRecord=ActivityRecord{120b397 u0 com.google.android.apps.nexuslauncher/.NexusLauncherActivity} t815}
    mAppDied=false    drawnStateEvaluated=true    mightAffectAllDrawn=true
    mViewVisibility=0x8 mHaveFrame=true mObscured=true
    mGivenContentInsets=[0,0][0,0] mGivenVisibleInsets=[0,0][0,0]
    mFullConfiguration={1.0 ?mcc?mnc [zh_CN_#Hans] ldltr sw392dp w392dp h750dp 440dpi nrml long hdr widecg port finger -keyb/v/h -nav/h winConfig={ mBounds=Rect(0, 0 - 1080, 2280) mAppBounds=Rect(0, 0 - 1080, 2148) mMaxBounds=Rect(0, 0 - 1080, 2280) mDisplayRotation=ROTATION_0 mWindowingMode=fullscreen mDisplayWindowingMode=fullscreen mActivityType=home mAlwaysOnTop=undefined mRotation=ROTATION_0} s.2 fontWeightAdjustment=0}
    mLastReportedConfiguration={1.0 ?mcc?mnc [zh_CN_#Hans] ldltr sw392dp w392dp h750dp 440dpi nrml long hdr widecg port finger -keyb/v/h -nav/h winConfig={ mBounds=Rect(0, 0 - 1080, 2280) mAppBounds=Rect(0, 0 - 1080, 2148) mMaxBounds=Rect(0, 0 - 1080, 2280) mDisplayRotation=ROTATION_0 mWindowingMode=fullscreen mDisplayWindowingMode=fullscreen mActivityType=home mAlwaysOnTop=undefined mRotation=ROTATION_0} s.2 fontWeightAdjustment=0}
    mHasSurface=false isReadyForDisplay()=false mWindowRemovalAllowed=false
    Frames: parent=[0,0][1080,2280] display=[0,0][1080,2280] frame=[0,0][1080,2280] last=[0,0][1080,2280] insetsChanged=false
     surface=[0,0][0,0]
    WindowStateAnimator{618672f (1-1)-Window{f203c4e alpha=1.0 fl=}}:
      mDrawState=NO_SURFACE       mLastHidden=true
      mEnterAnimationPending=false      mSystemDecorRect=[0,0][0,0]
      mShownAlpha=0.0 mAlpha=0.0 mLastAlpha=0.0
    mForceSeamlesslyRotate=false seamlesslyRotate: pending=null    isOnScreen=false
    isVisible=false
    keepClearAreas: restricted=[], unrestricted=[]
  Window #10 Window{d063e32 u0 com.google.android.apps.nexuslauncher/com.google.android.apps.nexuslauncher.NexusLauncherActivity}:
    mDisplayId=0 rootTaskId=1 mSession=Session{30952ce 2875:u0a10209} mClient=android.os.BinderProxy@928163d
    mOwnerUid=10209 showForAllUsers=false package=com.google.android.apps.nexuslauncher appop=NONE
    mAttrs={(0,0)(fillxfill) sim={adjust=nothing forwardNavigation} layoutInDisplayCutoutMode=always ty=BASE_APPLICATION fmt=TRANSPARENT wanim=0x10302f4
      fl=LAYOUT_IN_SCREEN LAYOUT_INSET_DECOR SHOW_WALLPAPER SPLIT_TOUCH HARDWARE_ACCELERATED DRAWS_SYSTEM_BAR_BACKGROUNDS
      pfl=NO_MOVE_ANIMATION FORCE_DRAW_STATUS_BAR_BACKGROUND USE_BLAST FIT_INSETS_CONTROLLED
      vsysui=LAYOUT_STABLE LAYOUT_HIDE_NAVIGATION LAYOUT_FULLSCREEN LIGHT_STATUS_BAR LIGHT_NAVIGATION_BAR
      apr=LIGHT_STATUS_BARS LIGHT_NAVIGATION_BARS
      bhv=DEFAULT
      fitSides=}
    Requested w=1080 h=2280 mLayoutSeq=1095
    mBaseLayer=21000 mSubLayer=0    mToken=ActivityRecord{120b397 u0 com.google.android.apps.nexuslauncher/.NexusLauncherActivity} t815}
    mActivityRecord=ActivityRecord{120b397 u0 com.google.android.apps.nexuslauncher/.NexusLauncherActivity} t815}
    mAppDied=false    drawnStateEvaluated=true    mightAffectAllDrawn=true
    mViewVisibility=0x8 mHaveFrame=true mObscured=true
    mGivenContentInsets=[0,0][0,0] mGivenVisibleInsets=[0,0][0,0]
    mFullConfiguration={1.0 ?mcc?mnc [zh_CN_#Hans] ldltr sw392dp w392dp h750dp 440dpi nrml long hdr widecg port finger -keyb/v/h -nav/h winConfig={ mBounds=Rect(0, 0 - 1080, 2280) mAppBounds=Rect(0, 0 - 1080, 2148) mMaxBounds=Rect(0, 0 - 1080, 2280) mDisplayRotation=ROTATION_0 mWindowingMode=fullscreen mDisplayWindowingMode=fullscreen mActivityType=home mAlwaysOnTop=undefined mRotation=ROTATION_0} s.2 fontWeightAdjustment=0}
    mLastReportedConfiguration={1.0 ?mcc?mnc [zh_CN_#Hans] ldltr sw392dp w392dp h750dp 440dpi nrml long hdr widecg port finger -keyb/v/h -nav/h winConfig={ mBounds=Rect(0, 0 - 1080, 2280) mAppBounds=Rect(0, 0 - 1080, 2148) mMaxBounds=Rect(0, 0 - 1080, 2280) mDisplayRotation=ROTATION_0 mWindowingMode=fullscreen mDisplayWindowingMode=fullscreen mActivityType=home mAlwaysOnTop=undefined mRotation=ROTATION_0} s.2 fontWeightAdjustment=0}
    mHasSurface=false isReadyForDisplay()=false mWindowRemovalAllowed=false
    Frames: parent=[0,0][1080,2280] display=[0,0][1080,2280] frame=[0,0][1080,2280] last=[0,0][1080,2280] insetsChanged=false
     surface=[0,0][0,0]
    WindowStateAnimator{52e713c com.google.android.apps.nexuslauncher/com.google.android.apps.nexuslauncher.NexusLauncherActivity}:
      mDrawState=NO_SURFACE       mLastHidden=true
      mEnterAnimationPending=false      mSystemDecorRect=[0,0][0,0]
    mForceSeamlesslyRotate=false seamlesslyRotate: pending=null    mWallpaperX=0.0 mWallpaperY=0.5
    mWallpaperXStep=0.33333334 mWallpaperYStep=1.0
    mWallpaperZoomOut=0.0
    isOnScreen=false
    isVisible=false
    keepClearAreas: restricted=[], unrestricted=[]
  Window #11 Window{57c0152 u0 com.android.settings/com.android.settings.Settings$WifiSettingsActivity}:
    mDisplayId=0 rootTaskId=816 mSession=Session{1094043 2766:1000} mClient=android.os.BinderProxy@bdc71dd
    mOwnerUid=1000 showForAllUsers=false package=com.android.settings appop=NONE
    mAttrs={(0,0)(fillxfill) sim={adjust=pan} ty=BASE_APPLICATION wanim=0x10302f4
      fl=LAYOUT_IN_SCREEN LAYOUT_INSET_DECOR SPLIT_TOUCH HARDWARE_ACCELERATED DRAWS_SYSTEM_BAR_BACKGROUNDS
      pfl=NO_MOVE_ANIMATION FORCE_DRAW_STATUS_BAR_BACKGROUND USE_BLAST FIT_INSETS_CONTROLLED
      vsysui=LAYOUT_STABLE LAYOUT_FULLSCREEN LIGHT_STATUS_BAR LIGHT_NAVIGATION_BAR
      apr=LIGHT_STATUS_BARS LIGHT_NAVIGATION_BARS
      bhv=DEFAULT
      fitSides=}
    Requested w=1080 h=2280 mLayoutSeq=118
    mBaseLayer=21000 mSubLayer=0    mToken=ActivityRecord{4bb0ec4 u0 com.android.settings/.Settings$WifiSettingsActivity} t816}
    mActivityRecord=ActivityRecord{4bb0ec4 u0 com.android.settings/.Settings$WifiSettingsActivity} t816}
    mAppDied=false    drawnStateEvaluated=true    mightAffectAllDrawn=true
    mViewVisibility=0x8 mHaveFrame=true mObscured=true
    mGivenContentInsets=[0,0][0,0] mGivenVisibleInsets=[0,0][0,0]
    mFullConfiguration={1.0 ?mcc?mnc [zh_CN_#Hans] ldltr sw392dp w392dp h750dp 440dpi nrml long hdr widecg port finger -keyb/v/h -nav/h winConfig={ mBounds=Rect(0, 0 - 1080, 2280) mAppBounds=Rect(0, 0 - 1080, 2148) mMaxBounds=Rect(0, 0 - 1080, 2280) mDisplayRotation=ROTATION_0 mWindowingMode=fullscreen mDisplayWindowingMode=fullscreen mActivityType=standard mAlwaysOnTop=undefined mRotation=ROTATION_0} s.1 fontWeightAdjustment=0}
    mLastReportedConfiguration={1.0 ?mcc?mnc [zh_CN_#Hans] ldltr sw392dp w392dp h750dp 440dpi nrml long hdr widecg port finger -keyb/v/h -nav/h winConfig={ mBounds=Rect(0, 0 - 1080, 2280) mAppBounds=Rect(0, 0 - 1080, 2148) mMaxBounds=Rect(0, 0 - 1080, 2280) mDisplayRotation=ROTATION_0 mWindowingMode=fullscreen mDisplayWindowingMode=fullscreen mActivityType=standard mAlwaysOnTop=undefined mRotation=ROTATION_0} s.1 fontWeightAdjustment=0}
    mHasSurface=false isReadyForDisplay()=false mWindowRemovalAllowed=false
    Frames: parent=[0,0][1080,2280] display=[0,0][1080,2280] frame=[0,0][1080,2280] last=[0,0][1080,2280] insetsChanged=false
     surface=[0,0][0,0]
    WindowStateAnimator{baeaec5 com.android.settings/com.android.settings.Settings$WifiSettingsActivity}:
      mDrawState=NO_SURFACE       mLastHidden=true
      mEnterAnimationPending=false      mSystemDecorRect=[0,0][0,0]
    mForceSeamlesslyRotate=false seamlesslyRotate: pending=null    isOnScreen=false
    isVisible=false
    keepClearAreas: restricted=[], unrestricted=[]
  Window #12 Window{e334ad8 u0 com.breel.wallpapers19.doodle.wallpaper.variations.DoodleWallpaperV1}:
    mDisplayId=0 rootTaskId=1 mSession=Session{e7f3bb5 2510:u0a10185} mClient=android.os.BinderProxy@28075bb
    mOwnerUid=10185 showForAllUsers=false package=com.breel.wallpapers19 appop=NONE
    mAttrs={(0,0)(fillxfill) gr=TOP START CENTER layoutInDisplayCutoutMode=always ty=WALLPAPER fmt=RGBX_8888 wanim=0x1030310
      fl=NOT_FOCUSABLE LAYOUT_IN_SCREEN LAYOUT_NO_LIMITS LAYOUT_INSET_DECOR
      pfl=WANTS_OFFSET_NOTIFICATIONS USE_BLAST
      bhv=DEFAULT}
    Requested w=-1 h=-1 mLayoutSeq=1100
    mIsImWindow=false mIsWallpaper=true mIsFloatingLayer=true
    mBaseLayer=11000 mSubLayer=0    mToken=WallpaperWindowToken{ab8c3c0 token=android.os.Binder@8ce2143}
    mViewVisibility=0x0 mHaveFrame=true mObscured=true
    mGivenContentInsets=[0,0][0,0] mGivenVisibleInsets=[0,0][0,0]
    mFullConfiguration={1.0 ?mcc?mnc [zh_CN_#Hans] ldltr sw392dp w392dp h750dp 440dpi nrml long hdr widecg port finger -keyb/v/h -nav/h winConfig={ mBounds=Rect(0, 0 - 1080, 2280) mAppBounds=Rect(0, 0 - 1080, 2148) mMaxBounds=Rect(0, 0 - 1080, 2280) mDisplayRotation=ROTATION_0 mWindowingMode=fullscreen mDisplayWindowingMode=fullscreen mActivityType=undefined mAlwaysOnTop=undefined mRotation=ROTATION_0} s.13 fontWeightAdjustment=0}
    mLastReportedConfiguration={1.0 ?mcc?mnc [zh_CN_#Hans] ldltr sw392dp w392dp h750dp 440dpi nrml long hdr widecg port finger -keyb/v/h -nav/h winConfig={ mBounds=Rect(0, 0 - 1080, 2280) mAppBounds=Rect(0, 0 - 1080, 2148) mMaxBounds=Rect(0, 0 - 1080, 2280) mDisplayRotation=ROTATION_0 mWindowingMode=fullscreen mDisplayWindowingMode=fullscreen mActivityType=undefined mAlwaysOnTop=undefined mRotation=ROTATION_0} s.13 fontWeightAdjustment=0}
    mHasSurface=true isReadyForDisplay()=false mWindowRemovalAllowed=false
    Frames: parent=[0,0][1080,2280] display=[-100000,-100000][100000,100000] frame=[0,0][1080,2280] last=[0,0][1080,2280] insetsChanged=false
     surface=[0,0][0,0]
    WindowStateAnimator{3fea01a com.breel.wallpapers19.doodle.wallpaper.variations.DoodleWallpaperV1}:
      mSurface=Surface(name=com.breel.wallpapers19.doodle.wallpaper.variations.DoodleWallpaperV1)/@0x64e474b
      Surface: shown=false layer=0 alpha=1.0 rect=(0.0,0.0)  transform=(1.0, 0.0, 0.0, 1.0)
      mDrawState=HAS_DRAWN       mLastHidden=true
      mEnterAnimationPending=false      mSystemDecorRect=[0,0][0,0]
    mLastFreezeDuration=+15s517ms
    mForceSeamlesslyRotate=false seamlesslyRotate: pending=null    mWallpaperX=0.0 mWallpaperY=0.5
    mWallpaperXStep=0.33333334 mWallpaperYStep=1.0
    mWallpaperZoomOut=0.0
    isOnScreen=false
    isVisible=false
    keepClearAreas: restricted=[], unrestricted=[]

  mGlobalConfiguration={1.0 ?mcc?mnc [zh_CN_#Hans] ldltr sw392dp w392dp h750dp 440dpi nrml long hdr widecg port finger -keyb/v/h -nav/h winConfig={ mBounds=Rect(0, 0 - 1080, 2280) mAppBounds=Rect(0, 0 - 1080, 2148) mMaxBounds=Rect(0, 0 - 1080, 2280) mDisplayRotation=ROTATION_0 mWindowingMode=fullscreen mDisplayWindowingMode=fullscreen mActivityType=undefined mAlwaysOnTop=undefined mRotation=ROTATION_0} s.13 fontWeightAdjustment=0}
  mHasPermanentDpad=false
  mTopFocusedDisplayId=0
  imeLayeringTarget in display# 0 Window{69e0275 u0 com.anonymous.androidrn/com.anonymous.androidrn.MainActivity}
  imeInputTarget in display# 0 Window{69e0275 u0 com.anonymous.androidrn/com.anonymous.androidrn.MainActivity}
  imeControlTarget in display# 0 Window{69e0275 u0 com.anonymous.androidrn/com.anonymous.androidrn.MainActivity}
  Minimum task size of display#0 220  mInTouchMode=true
  mBlurEnabled=false
  mLastDisplayFreezeDuration=0 due to Window{1525d40 u0 ScreenDecorOverlayBottom}
  mLastWakeLockHoldingWindow=null mLastWakeLockObscuringWindow=null
  mHighResTaskSnapshotScale=0.8
  mTaskSnapshotEnabled=true
  SnapshotCache
    Entry taskId=816
      topApp=ActivityRecord{4bb0ec4 u0 com.android.settings/.Settings$WifiSettingsActivity} t816}
      snapshot=TaskSnapshot{ mId=1766775775694 mTopActivityComponent=com.android.settings/.Settings$WifiSettingsActivity mSnapshot=android.hardware.HardwareBuffer@80f6528 (864x1824) mColorSpace=Display P3 (id=7, model=RGB) mOrientation=1 mRotation=0 mTaskSize=Point(1080, 2280) mContentInsets=[0,83][0,132] mLetterboxInsets=[0,0][0,0] mIsLowResolution=false mIsRealSnapshot=true mWindowingMode=1 mAppearance=24 mIsTranslucent=false mHasImeSurface=false
  mInputMethodWindow=Window{4509ef9 u0 InputMethod}
  mTraversalScheduled=false
  mHoldScreenWindow=null
  mObscuringWindow=Window{69e0275 u0 com.anonymous.androidrn/com.anonymous.androidrn.MainActivity}
  mSystemBooted=true mDisplayEnabled=true
  mTransactionSequence=5568
  mDisplayFrozen=false windows=0 client=false apps=0  mRotation=0  mLastOrientation=1
 waitingForConfig=false
  Animation settings: disabled=false window=0.0 transition=0.0 animator=0.0
