12360:12-27 15:34:32.244  3090  4317 E AuthPII : Caused by: java.io.IOException
12382:12-27 15:34:32.244  3090  4317 E AuthPII : Caused by: java.util.concurrent.ExecutionException: cpmc: Failed to process request
12402:12-27 15:34:32.244  3090  4317 E AuthPII : Caused by: java.io.IOException
12439:12-27 15:34:32.248 11040 11062 E Finsky  : Caused by: java.io.IOException: NetworkError
12440:12-27 15:34:32.248 11040 11062 E Finsky  : 	at android.accounts.AccountManager.convertErrorToException(AccountManager.java:2628)
12441:12-27 15:34:32.248 11040 11062 E Finsky  : 	at android.accounts.AccountManager.-$$Nest$mconvertErrorToException(Unknown Source:0)
12447:12-27 15:34:32.256 11040 11078 E Finsky  : java.util.concurrent.ExecutionException: com.google.android.libraries.phenotype.client.api.PhenotypeRuntimeException: 29504: 29504: Could not find valid auth token for all requested accounts
12461:12-27 15:34:32.256 11040 11078 E Finsky  : Caused by: com.google.android.libraries.phenotype.client.api.PhenotypeRuntimeException: 29504: 29504: Could not find valid auth token for all requested accounts
12468:12-27 15:34:32.256 11040 11078 E Finsky  : Caused by: com.google.android.gms.phenotype.core.common.PhenotypeRuntimeException: 29504: Could not find valid auth token for all requested accounts
12532:12-27 15:34:32.313  3090  4317 W Auth    : Caused by: java.io.IOException
12558:12-27 15:34:32.318  3090  4317 E AuthPII : Caused by: java.util.concurrent.ExecutionException: cpmc: Failed to process request
12578:12-27 15:34:32.318  3090  4317 E AuthPII : Caused by: java.io.IOException
12600:12-27 15:34:32.318  3090  4317 E AuthPII : Caused by: java.util.concurrent.ExecutionException: cpmc: Failed to process request
12620:12-27 15:34:32.318  3090  4317 E AuthPII : Caused by: java.io.IOException
12655:12-27 15:34:32.321 11040 11063 E Finsky  : Caused by: java.io.IOException: NetworkError
12656:12-27 15:34:32.321 11040 11063 E Finsky  : 	at android.accounts.AccountManager.convertErrorToException(AccountManager.java:2628)
12657:12-27 15:34:32.321 11040 11063 E Finsky  : 	at android.accounts.AccountManager.-$$Nest$mconvertErrorToException(Unknown Source:0)
12784:12-27 15:34:34.121 11383 11383 D AndroidRuntime: Shutting down VM
12885:12-27 15:34:34.168  3090 16669 W Auth    : Caused by: java.io.IOException
12907:12-27 15:34:34.169  3090 16669 E AuthPII : Caused by: java.util.concurrent.ExecutionException: cpmc: Failed to process request
12927:12-27 15:34:34.169  3090 16669 E AuthPII : Caused by: java.io.IOException
12949:12-27 15:34:34.169  3090 16669 E AuthPII : Caused by: java.util.concurrent.ExecutionException: cpmc: Failed to process request
12969:12-27 15:34:34.169  3090 16669 E AuthPII : Caused by: java.io.IOException
12988:12-27 15:34:34.172  3616 11411 W adsz    : java.io.IOException: NetworkError
12989:12-27 15:34:34.172  3616 11411 W adsz    : 	at android.accounts.AccountManager.convertErrorToException(AccountManager.java:2628)
12990:12-27 15:34:34.172  3616 11411 W adsz    : 	at android.accounts.AccountManager.-$$Nest$mconvertErrorToException(Unknown Source:0)
13028:12-27 15:34:34.198  3090 16669 W Auth    : Caused by: java.io.IOException
13050:12-27 15:34:34.199  3090 16669 E AuthPII : Caused by: java.util.concurrent.ExecutionException: cpmc: Failed to process request
13070:12-27 15:34:34.199  3090 16669 E AuthPII : Caused by: java.io.IOException
13092:12-27 15:34:34.199  3090 16669 E AuthPII : Caused by: java.util.concurrent.ExecutionException: cpmc: Failed to process request
13112:12-27 15:34:34.199  3090 16669 E AuthPII : Caused by: java.io.IOException
13132:12-27 15:34:34.204  3616 11411 W adsz    : java.io.IOException: NetworkError
13133:12-27 15:34:34.204  3616 11411 W adsz    : 	at android.accounts.AccountManager.convertErrorToException(AccountManager.java:2628)
13134:12-27 15:34:34.204  3616 11411 W adsz    : 	at android.accounts.AccountManager.-$$Nest$mconvertErrorToException(Unknown Source:0)
13259:12-27 15:34:35.222  3090  4317 W Auth    : Caused by: java.io.IOException
13281:12-27 15:34:35.224  3090  4317 E AuthPII : Caused by: java.util.concurrent.ExecutionException: cpmc: Failed to process request
13301:12-27 15:34:35.224  3090  4317 E AuthPII : Caused by: java.io.IOException
13323:12-27 15:34:35.224  3090  4317 E AuthPII : Caused by: java.util.concurrent.ExecutionException: cpmc: Failed to process request
13343:12-27 15:34:35.224  3090  4317 E AuthPII : Caused by: java.io.IOException
13373:12-27 15:34:35.227  3616  3960 E egml$a  : Caused by: android.accounts.NetworkErrorException: Can't get auth token.
13389:12-27 15:34:35.227  3616  3960 E egml$a  : Caused by: java.io.IOException: NetworkError
13545:12-27 15:35:00.077 11539 11539 D AndroidRuntime: >>>>>> START com.android.internal.os.RuntimeInit uid 2000 <<<<<<
13546:12-27 15:35:00.080 11539 11539 I AndroidRuntime: Using default boot image
13547:12-27 15:35:00.080 11539 11539 I AndroidRuntime: Leaving lock profiling enabled
13553:12-27 15:35:00.169 11539 11539 D AndroidRuntime: Calling main entry com.android.commands.uiautomator.Launcher
13631:12-27 15:35:00.207  3090  3106 W Auth    : Caused by: java.io.IOException
13653:12-27 15:35:00.211  3090  3106 E AuthPII : Caused by: java.util.concurrent.ExecutionException: cpmc: Failed to process request
13673:12-27 15:35:00.211  3090  3106 E AuthPII : Caused by: java.io.IOException
13695:12-27 15:35:00.211  3090  3106 E AuthPII : Caused by: java.util.concurrent.ExecutionException: cpmc: Failed to process request
13715:12-27 15:35:00.211  3090  3106 E AuthPII : Caused by: java.io.IOException
13734:12-27 15:35:00.213  3616 11411 W adsz    : java.io.IOException: NetworkError
13735:12-27 15:35:00.213  3616 11411 W adsz    : 	at android.accounts.AccountManager.convertErrorToException(AccountManager.java:2628)
13736:12-27 15:35:00.213  3616 11411 W adsz    : 	at android.accounts.AccountManager.-$$Nest$mconvertErrorToException(Unknown Source:0)
13773:12-27 15:35:00.233  3090  3106 W Auth    : Caused by: java.io.IOException
13795:12-27 15:35:00.233  3090  3106 E AuthPII : Caused by: java.util.concurrent.ExecutionException: cpmc: Failed to process request
13815:12-27 15:35:00.233  3090  3106 E AuthPII : Caused by: java.io.IOException
13837:12-27 15:35:00.233  3090  3106 E AuthPII : Caused by: java.util.concurrent.ExecutionException: cpmc: Failed to process request
13857:12-27 15:35:00.233  3090  3106 E AuthPII : Caused by: java.io.IOException
13876:12-27 15:35:00.235  3616 11411 W adsz    : java.io.IOException: NetworkError
13877:12-27 15:35:00.235  3616 11411 W adsz    : 	at android.accounts.AccountManager.convertErrorToException(AccountManager.java:2628)
13878:12-27 15:35:00.235  3616 11411 W adsz    : 	at android.accounts.AccountManager.-$$Nest$mconvertErrorToException(Unknown Source:0)
14017:12-27 15:35:10.221 11539 11539 D AndroidRuntime: Shutting down VM
14099:12-27 15:35:10.281  3090  3106 W Auth    : Caused by: java.io.IOException
14121:12-27 15:35:10.283  3090  3106 E AuthPII : Caused by: java.util.concurrent.ExecutionException: cpmc: Failed to process request
14141:12-27 15:35:10.283  3090  3106 E AuthPII : Caused by: java.io.IOException
14163:12-27 15:35:10.283  3090  3106 E AuthPII : Caused by: java.util.concurrent.ExecutionException: cpmc: Failed to process request
14183:12-27 15:35:10.283  3090  3106 E AuthPII : Caused by: java.io.IOException
14202:12-27 15:35:10.287  3616 11411 W adsz    : java.io.IOException: NetworkError
14203:12-27 15:35:10.287  3616 11411 W adsz    : 	at android.accounts.AccountManager.convertErrorToException(AccountManager.java:2628)
14204:12-27 15:35:10.287  3616 11411 W adsz    : 	at android.accounts.AccountManager.-$$Nest$mconvertErrorToException(Unknown Source:0)
14245:12-27 15:35:10.374  3090  7834 W Auth    : Caused by: java.io.IOException
14269:12-27 15:35:10.376  3090  7834 E AuthPII : Caused by: java.util.concurrent.ExecutionException: cpmc: Failed to process request
14289:12-27 15:35:10.376  3090  7834 E AuthPII : Caused by: java.io.IOException
14311:12-27 15:35:10.376  3090  7834 E AuthPII : Caused by: java.util.concurrent.ExecutionException: cpmc: Failed to process request
14331:12-27 15:35:10.376  3090  7834 E AuthPII : Caused by: java.io.IOException
14350:12-27 15:35:10.379  3616 11411 W adsz    : java.io.IOException: NetworkError
14351:12-27 15:35:10.379  3616 11411 W adsz    : 	at android.accounts.AccountManager.convertErrorToException(AccountManager.java:2628)
14352:12-27 15:35:10.379  3616 11411 W adsz    : 	at android.accounts.AccountManager.-$$Nest$mconvertErrorToException(Unknown Source:0)
14569:12-27 15:35:35.264  3616  3874 E gczd    : Caused by: android.accounts.NetworkErrorException: Can't get auth token.
14585:12-27 15:35:35.264  3616  3874 E gczd    : Caused by: java.io.IOException: NetworkError
14655:12-27 15:35:35.330  3090  3106 W Auth    : Caused by: java.io.IOException
14677:12-27 15:35:35.331  3090  3106 E AuthPII : Caused by: java.util.concurrent.ExecutionException: cpmc: Failed to process request
14697:12-27 15:35:35.331  3090  3106 E AuthPII : Caused by: java.io.IOException
14719:12-27 15:35:35.331  3090  3106 E AuthPII : Caused by: java.util.concurrent.ExecutionException: cpmc: Failed to process request
14739:12-27 15:35:35.331  3090  3106 E AuthPII : Caused by: java.io.IOException
14769:12-27 15:35:35.337  3616  3960 E egml$a  : Caused by: android.accounts.NetworkErrorException: Can't get auth token.
14785:12-27 15:35:35.337  3616  3960 E egml$a  : Caused by: java.io.IOException: NetworkError
15016:12-27 15:36:20.724  1885  3805 W BestClock: java.time.DateTimeException: Missing NTP fix
15017:12-27 15:36:20.730  1885  3805 W BestClock: java.time.DateTimeException: Missing NTP fix
15018:12-27 15:36:20.730  1885  2335 W BestClock: java.time.DateTimeException: Missing NTP fix
15019:12-27 15:36:20.730  1885  2335 W BestClock: java.time.DateTimeException: Missing NTP fix
15119:12-27 15:36:35.365  3616  3967 E gczd    : Caused by: android.accounts.NetworkErrorException: Can't get auth token.
15135:12-27 15:36:35.365  3616  3967 E gczd    : Caused by: java.io.IOException: NetworkError
15216:12-27 15:36:49.090  1885  4623 I ActivityManager: Force stopping com.anonymous.androidrn appid=10242 user=0: from pid 11692
15217:12-27 15:36:49.092  1885  4623 I ActivityManager: Killing 11297:com.anonymous.androidrn/u0a242 (adj 0): stop com.anonymous.androidrn due to from pid 11692
15218:12-27 15:36:49.093  1885  4623 W ActivityTaskManager: Force removing ActivityRecord{241f555 u0 com.anonymous.androidrn/.MainActivity} t839 f}}: app died, no saved state
15219:12-27 15:36:49.096  1885  4623 W InputManager-JNI: Input channel object '9fdcab5 com.anonymous.androidrn/com.anonymous.androidrn.MainActivity (client)' was disposed without first being removed with the input manager!
15226:12-27 15:36:49.116  2738  2738 D CarrierSvcBindHelper: onHandleForceStop: [com.anonymous.androidrn]
15230:12-27 15:36:49.120  1885  2398 V ActivityManager: Got obituary of 11297:com.anonymous.androidrn
15293:12-27 15:36:49.184 11701 11701 D AndroidRuntime: >>>>>> START com.android.internal.os.RuntimeInit uid 2000 <<<<<<
15294:12-27 15:36:49.186 11701 11701 I AndroidRuntime: Using default boot image
15295:12-27 15:36:49.187 11701 11701 I AndroidRuntime: Leaving lock profiling enabled
15298:12-27 15:36:49.276 11701 11701 D AndroidRuntime: Calling main entry com.android.commands.monkey.Monkey
15299:12-27 15:36:49.277 11701 11701 W Monkey  : args: [-p, com.anonymous.androidrn, -c, android.intent.category.LAUNCHER, 1]
15301:12-27 15:36:49.277 11701 11701 W Monkey  :  arg: "com.anonymous.androidrn"
15305:12-27 15:36:49.277 11701 11701 W Monkey  : data="com.anonymous.androidrn"
15308:12-27 15:36:49.291  1885  2241 I ActivityTaskManager: START u0 {act=android.intent.action.MAIN cat=[android.intent.category.LAUNCHER] flg=0x10200000 cmp=com.anonymous.androidrn/.MainActivity} from uid 2000
15326:12-27 15:36:49.307  1885  2877 D CoreBackPreview: Window{7f21595 u0 Splash Screen com.anonymous.androidrn}: Setting back callback OnBackInvokedCallbackInfo{mCallback=android.window.IOnBackInvokedCallback$Stub$Proxy@96c929b, mPriority=0}
15327:12-27 15:36:49.307  1885  2064 I ActivityManager: Start proc 11726:com.anonymous.androidrn/u0a242 for next-top-activity {com.anonymous.androidrn/com.anonymous.androidrn.MainActivity}
15330:12-27 15:36:49.309 11701 11701 I AndroidRuntime: VM exiting with result code 0.
15353:12-27 15:36:49.353 11726 11726 W ziparchive: Unable to open '/data/app/~~HWyuiBFi0bAjD4ADhFLlcA==/com.anonymous.androidrn-FauxUmZC41YckLx4XIl10g==/base.dm': No such file or directory
15354:12-27 15:36:49.353 11726 11726 W ziparchive: Unable to open '/data/app/~~HWyuiBFi0bAjD4ADhFLlcA==/com.anonymous.androidrn-FauxUmZC41YckLx4XIl10g==/base.dm': No such file or directory
15356:12-27 15:36:49.554 11726 11726 V GraphicsEnvironment: ANGLE Developer option for 'com.anonymous.androidrn' set to: 'default'
15357:12-27 15:36:49.555 11726 11726 V GraphicsEnvironment: ANGLE GameManagerService for com.anonymous.androidrn: false
15364:12-27 15:36:49.625 11726 11726 W SoLoader: Recording new base apk path: /data/app/~~HWyuiBFi0bAjD4ADhFLlcA==/com.anonymous.androidrn-FauxUmZC41YckLx4XIl10g==/base.apk
15368:12-27 15:36:49.626 11726 11726 I SoLoader: Preparing SO source: DirectApkSoSource[root = [/data/app/~~HWyuiBFi0bAjD4ADhFLlcA==/com.anonymous.androidrn-FauxUmZC41YckLx4XIl10g==/base.apk!/lib/arm64-v8a]]
15369:12-27 15:36:49.635 11726 11726 I SoLoader: Preparing SO source: ApplicationSoSource[DirectorySoSource[root = /data/app/~~HWyuiBFi0bAjD4ADhFLlcA==/com.anonymous.androidrn-FauxUmZC41YckLx4XIl10g==/lib/arm64 flags = 0]]
15406:12-27 15:36:49.779 11726 11755 W unknown:ReactNative: The packager does not seem to be running as we got an IOException requesting its status: Failed to connect to localhost/127.0.0.1:8081
15407:12-27 15:36:49.779 11726 11758 W unknown:ReconnectingWebSocket: Couldn't connect to "ws://localhost:8081/message?device=Pixel%204%20-%2013%20-%20API%2033&app=com.anonymous.androidrn&clientid=BridgeDevSupportManager", will silently retry
15409:12-27 15:36:49.796  1885  4152 D CoreBackPreview: Window{69e0275 u0 com.anonymous.androidrn/com.anonymous.androidrn.MainActivity}: Setting back callback OnBackInvokedCallbackInfo{mCallback=android.window.IOnBackInvokedCallback$Stub$Proxy@2f7a7b, mPriority=0}
15426:12-27 15:36:49.833  1885  2046 W ziparchive: Unable to open '/data/app/~~HWyuiBFi0bAjD4ADhFLlcA==/com.anonymous.androidrn-FauxUmZC41YckLx4XIl10g==/base.dm': No such file or directory
15427:12-27 15:36:49.834  1885  2046 I ActivityTaskManager: Displayed com.anonymous.androidrn/.MainActivity: +542ms
15432:12-27 15:36:49.853  3140  3140 I GoogleInputMethodService: GoogleInputMethodService.onStartInput():1311 onStartInput(EditorInfo{EditorInfo{packageName=com.anonymous.androidrn, inputType=0, inputTypeString=NULL, enableLearning=false, autoCorrection=false, autoComplete=false, imeOptions=0, privateImeOptions=null, actionName=UNSPECIFIED, actionLabel=null, initialSelStart=-1, initialSelEnd=-1, initialCapsMode=0, label=null, fieldId=-1, fieldName=null, extras=null, hintText=null, hintLocales=[]}}, false)
15434:12-27 15:36:49.856  1885  4152 D CoreBackPreview: Window{7f21595 u0 Splash Screen com.anonymous.androidrn EXITING}: Setting back callback null
15435:12-27 15:36:49.857  1885  2877 W InputManager-JNI: Input channel object '7f21595 Splash Screen com.anonymous.androidrn (client)' was disposed without first being removed with the input manager!
15436:12-27 15:36:49.937 11726 11762 I ExpoModulesCore: ✅ AppContext was initialized
15465:12-27 15:36:50.165 11726 11767 I ExpoModulesCore: ✅ JSI interop was installed
15466:12-27 15:36:50.170 11726 11767 I ExpoModulesCore: ✅ Constants were exported
15467:12-27 15:36:50.247 11726 11767 I ReactNativeJS: Running "main"
15474:12-27 15:36:50.429 11726 11767 W ReactNativeJS: The app is running using the Legacy Architecture. The Legacy Architecture is deprecated and will be removed in a future version of React Native. Please consider migrating to the New Architecture. For more information, please see https://reactnative.dev/blog/2024/10/23/the-new-architecture-is-here
15516:12-27 15:36:55.607 11726 11790 D ProfileInstaller: Installing profile for com.anonymous.androidrn
15863:12-27 15:38:33.063 11040 11078 E Finsky  : java.util.concurrent.ExecutionException: com.google.android.libraries.phenotype.client.api.PhenotypeRuntimeException: 29504: 29504: Network error
15877:12-27 15:38:33.063 11040 11078 E Finsky  : Caused by: com.google.android.libraries.phenotype.client.api.PhenotypeRuntimeException: 29504: 29504: Network error
15884:12-27 15:38:33.063 11040 11078 E Finsky  : Caused by: com.google.android.gms.phenotype.core.common.PhenotypeRuntimeException: 29504: Network error
15890:12-27 15:38:33.063 11040 11078 E Finsky  : Caused by: org.apache.http.conn.ConnectTimeoutException: Connect to /142.250.107.95:443 timed out
16234:12-27 15:39:15.981  9987 10078 E PlayCommon: [101] Failed to connect to server for server timestamp: java.net.SocketTimeoutException: failed to connect to play.googleapis.com/216.239.34.223 (port 443) from /192.168.0.102 (port 38136) after 40000ms
16263:12-27 15:39:16.045  3090  3106 W Auth    : Caused by: java.io.IOException
16285:12-27 15:39:16.047  3090  3106 E AuthPII : Caused by: java.util.concurrent.ExecutionException: cpmc: Failed to process request
16305:12-27 15:39:16.047  3090  3106 E AuthPII : Caused by: java.io.IOException
16327:12-27 15:39:16.047  3090  3106 E AuthPII : Caused by: java.util.concurrent.ExecutionException: cpmc: Failed to process request
16347:12-27 15:39:16.047  3090  3106 E AuthPII : Caused by: java.io.IOException
16365:12-27 15:39:16.052  9987 10078 E PlayCommon: [101] Failed to get auth token: java.io.IOException: NetworkError
16506:12-27 15:39:42.860 11040 11155 E PlayCommon: [108] Failed to connect to server for server timestamp: java.net.SocketTimeoutException: failed to connect to play.googleapis.com/216.239.34.223 (port 443) from /192.168.0.102 (port 38198) after 40000ms
16613:12-27 15:40:12.156 11996 11996 D AndroidRuntime: >>>>>> START com.android.internal.os.RuntimeInit uid 2000 <<<<<<
16614:12-27 15:40:12.159 11996 11996 I AndroidRuntime: Using default boot image
16615:12-27 15:40:12.159 11996 11996 I AndroidRuntime: Leaving lock profiling enabled
16621:12-27 15:40:12.264 11996 11996 D AndroidRuntime: Calling main entry com.android.commands.uiautomator.Launcher
16698:12-27 15:40:12.306  3090  3106 W Auth    : Caused by: java.io.IOException
16720:12-27 15:40:12.308  3090  3106 E AuthPII : Caused by: java.util.concurrent.ExecutionException: cpmc: Failed to process request
16740:12-27 15:40:12.308  3090  3106 E AuthPII : Caused by: java.io.IOException
16762:12-27 15:40:12.308  3090  3106 E AuthPII : Caused by: java.util.concurrent.ExecutionException: cpmc: Failed to process request
16782:12-27 15:40:12.308  3090  3106 E AuthPII : Caused by: java.io.IOException
16801:12-27 15:40:12.312  3616 12016 W adsz    : java.io.IOException: NetworkError
16802:12-27 15:40:12.312  3616 12016 W adsz    : 	at android.accounts.AccountManager.convertErrorToException(AccountManager.java:2628)
16803:12-27 15:40:12.312  3616 12016 W adsz    : 	at android.accounts.AccountManager.-$$Nest$mconvertErrorToException(Unknown Source:0)
16840:12-27 15:40:12.333  3090  3106 W Auth    : Caused by: java.io.IOException
16862:12-27 15:40:12.333  3090  3106 E AuthPII : Caused by: java.util.concurrent.ExecutionException: cpmc: Failed to process request
16882:12-27 15:40:12.333  3090  3106 E AuthPII : Caused by: java.io.IOException
16904:12-27 15:40:12.333  3090  3106 E AuthPII : Caused by: java.util.concurrent.ExecutionException: cpmc: Failed to process request
16924:12-27 15:40:12.333  3090  3106 E AuthPII : Caused by: java.io.IOException
16943:12-27 15:40:12.335  3616 12016 W adsz    : java.io.IOException: NetworkError
16944:12-27 15:40:12.335  3616 12016 W adsz    : 	at android.accounts.AccountManager.convertErrorToException(AccountManager.java:2628)
16945:12-27 15:40:12.335  3616 12016 W adsz    : 	at android.accounts.AccountManager.-$$Nest$mconvertErrorToException(Unknown Source:0)
17082:12-27 15:40:22.310 11996 11996 D AndroidRuntime: Shutting down VM
17166:12-27 15:40:22.354  3090  3106 W Auth    : Caused by: java.io.IOException
17189:12-27 15:40:22.356  3090  3106 E AuthPII : Caused by: java.util.concurrent.ExecutionException: cpmc: Failed to process request
17209:12-27 15:40:22.356  3090  3106 E AuthPII : Caused by: java.io.IOException
17231:12-27 15:40:22.356  3090  3106 E AuthPII : Caused by: java.util.concurrent.ExecutionException: cpmc: Failed to process request
17251:12-27 15:40:22.356  3090  3106 E AuthPII : Caused by: java.io.IOException
17276:12-27 15:40:22.360  3616 12016 W adsz    : java.io.IOException: NetworkError
17277:12-27 15:40:22.360  3616 12016 W adsz    : 	at android.accounts.AccountManager.convertErrorToException(AccountManager.java:2628)
17278:12-27 15:40:22.360  3616 12016 W adsz    : 	at android.accounts.AccountManager.-$$Nest$mconvertErrorToException(Unknown Source:0)
17322:12-27 15:40:22.415  3090 16669 W Auth    : Caused by: java.io.IOException
17344:12-27 15:40:22.416  3090 16669 E AuthPII : Caused by: java.util.concurrent.ExecutionException: cpmc: Failed to process request
17364:12-27 15:40:22.416  3090 16669 E AuthPII : Caused by: java.io.IOException
17386:12-27 15:40:22.416  3090 16669 E AuthPII : Caused by: java.util.concurrent.ExecutionException: cpmc: Failed to process request
17406:12-27 15:40:22.416  3090 16669 E AuthPII : Caused by: java.io.IOException
17426:12-27 15:40:22.419  3616 12016 W adsz    : java.io.IOException: NetworkError
17427:12-27 15:40:22.419  3616 12016 W adsz    : 	at android.accounts.AccountManager.convertErrorToException(AccountManager.java:2628)
17428:12-27 15:40:22.419  3616 12016 W adsz    : 	at android.accounts.AccountManager.-$$Nest$mconvertErrorToException(Unknown Source:0)
17556:12-27 15:40:23.402  3090 16669 W Auth    : Caused by: java.io.IOException
17578:12-27 15:40:23.403  3090 16669 E AuthPII : Caused by: java.util.concurrent.ExecutionException: cpmc: Failed to process request
17598:12-27 15:40:23.403  3090 16669 E AuthPII : Caused by: java.io.IOException
17620:12-27 15:40:23.404  3090 16669 E AuthPII : Caused by: java.util.concurrent.ExecutionException: cpmc: Failed to process request
17640:12-27 15:40:23.404  3090 16669 E AuthPII : Caused by: java.io.IOException
17670:12-27 15:40:23.410  3616  3906 E egml$a  : Caused by: android.accounts.NetworkErrorException: Can't get auth token.
17686:12-27 15:40:23.410  3616  3906 E egml$a  : Caused by: java.io.IOException: NetworkError
17948:12-27 15:41:20.723  1885  3807 W BestClock: java.time.DateTimeException: Missing NTP fix
17949:12-27 15:41:20.729  1885  3807 W BestClock: java.time.DateTimeException: Missing NTP fix
18006:12-27 15:41:23.440  3616  3906 E gczd    : Caused by: android.accounts.NetworkErrorException: Can't get auth token.
18022:12-27 15:41:23.440  3616  3906 E gczd    : Caused by: java.io.IOException: NetworkError
18067:12-27 15:41:25.233  2517 12066 D NetworkMonitor/100: PROBE_HTTPS https://www.google.com/generate_204 Probe failed with exception java.net.SocketTimeoutException: failed to connect to www.google.com/2001::1 (port 443) from /240e:391:edd:82b0:afc7:617d:edbc:5d13 (port 40990) after 10000ms
18082:12-27 15:41:28.197  2517 12065 D NetworkMonitor/100: PROBE_FALLBACK http://www.google.com/gen_204 Probe failed with exception java.net.SocketTimeoutException: failed to connect to www.google.com/2001::1 (port 80) from /240e:391:edd:82b0:afc7:617d:edbc:5d13 (port 44620) after 10000ms
18627:12-27 15:43:25.416 12330 12330 D AndroidRuntime: >>>>>> START com.android.internal.os.RuntimeInit uid 2000 <<<<<<
18628:12-27 15:43:25.419 12330 12330 I AndroidRuntime: Using default boot image
18629:12-27 15:43:25.419 12330 12330 I AndroidRuntime: Leaving lock profiling enabled
18632:12-27 15:43:25.524 12330 12330 D AndroidRuntime: Calling main entry com.android.commands.svc.Svc
18633:12-27 15:43:25.526 12330 12330 D AndroidRuntime: Shutting down VM
18645:12-27 15:43:26.376  1885  2877 I ActivityTaskManager: START u0 {flg=0x10000000 cmp=com.anonymous.androidrn/.MainActivity} from uid 2000
18662:12-27 15:43:26.395 11726 12353 W unknown:ReconnectingWebSocket: Couldn't connect to "ws://localhost:8081/message?device=Pixel%204%20-%2013%20-%20API%2033&app=com.anonymous.androidrn&clientid=BridgeDevSupportManager", will silently retry
