Script started on 2026-02-09 20:52:42+08:00 [COMMAND="DO_AI_RELAY_AUTO=0 DO_AI_RELAY_URL=http://127.0.0.1:19791/api/v1/heartbeat DO_AI_RELAY_TOKEN=tmux-local-token DO_AI_TMUX_MODE=on DO_AI_TMUX_OUTPUT_MODE=compact DO_AI_SESSION_NAME=tmux-compact-bench-1770641800 DO_AI_DEBUG=1 ./do-ai 8s bash -lc 'yes CMP | head -n 500; sleep 2'" <not executed on terminal>]
[do-ai] å¯ç”¨ tmux æ‰˜ç®¡: session=do_ai_bash_1770641562576470492 target=bash
[do-ai] relay ä¸ŠæŠ¥å·²å¯ç”¨: http://127.0.0.1:19791/api/v1/heartbeat session_id=do-junknet-home-1770641562576494332
[?1049h[22;0;0t[?1h=[H[2J[?12l[?25h[?1000l[?1002l[?1003l[?1006l[?1005l[?2004h[?2031h[?996n(B[m[?12l[?25h[?1006l[?1000l[?1002l[?1003l[1;1H[1;24r[c[>c[>q]10;?\]11;?\[2;1H[?1006l[?1000l[?1002l[?1003l[?1006h[?1000h[?1002h]0;do-ai[?25l[K
[K
[K
[K
[K
[K
[K
[K
[K
[K
[K
[K
[K
[K
[K
[K
[K
[K
[K
[K
[K
[K
[K[38;2;26;27;38m[48;2;122;162;247m[1m[H do_ai_bas[48;2;187;154;247m 1:do-ai [38;2;122;162;247m[48;2;26;27;38m do-ai (B[m[38;2;169;177;214m[48;2;26;27;38m                                         [38;2;125;207;255mdo-ai [38;2;169;177;214m 20:52 (B[m[?12l[?25h[2;1H[18t[14t(B[m[?12l[?25h[?1006l[?1000l[?1002l[?1003l[1;1H[1;24r[2;1H[?1006l[?1000l[?1002l[?1003l[?1006h[?1000h[?1002h[?25l[K
[K
[K
[K
[K
[K
[K
[K
[K
[K
[K
[K
[K
[K
[K
[K
[K
[K
[K
[K
[K
[K
[K[38;2;26;27;38m[48;2;122;162;247m[1m[H do_ai_bas[48;2;187;154;247m 1:do-ai [38;2;122;162;247m[48;2;26;27;38m do-ai (B[m[38;2;169;177;214m[48;2;26;27;38m                                         [38;2;125;207;255mdo-ai [38;2;169;177;214m 20:52 (B[m[?12l[?25h[2;1H[2;24r[1;1H[23S
CMP[K
CMP[K
CMP[K
CMP[K
CMP[K
CMP[K
CMP[K
CMP[K
CMP[K
CMP[K
CMP[K
CMP[K
CMP[K
CMP[K
CMP[K
CMP[K
CMP[K
CMP[K
CMP[K
CMP[K
CMP[K
CMP[K
[K[1;24r[24;1H[2;24r[1;1H[23S
CMP[K
CMP[K
CMP[K
CMP[K
CMP[K
CMP[K
CMP[K
CMP[K
CMP[K
CMP[K
CMP[K
CMP[K
CMP[K
CMP[K
CMP[K
CMP[K
CMP[K
CMP[K
CMP[K
CMP[K
CMP[K
CMP[K
[K[1;24r[24;1H[2;24r[1;1H[23S
CMP[K
CMP[K
CMP[K
CMP[K
CMP[K
CMP[K
CMP[K
CMP[K
CMP[K
CMP[K
CMP[K
CMP[K
CMP[K
CMP[K
CMP[K
CMP[K
CMP[K
CMP[K
CMP[K
CMP[K
CMP[K
CMP[K
[K[1;24r[24;1H[2;24r[1;1H[23S
CMP[K
CMP[K
CMP[K
CMP[K
CMP[K
CMP[K
CMP[K
CMP[K
CMP[K
CMP[K
CMP[K
CMP[K
CMP[K
CMP[K
CMP[K
CMP[K
CMP[K
CMP[K
CMP[K
CMP[K
CMP[K
CMP[K
[K[1;24r[24;1H[2;24r[1;1H[19S[4BCMP
CMP[K
CMP[K
CMP[K
CMP[K
CMP[K
CMP[K
CMP[K
CMP[K
CMP[K
CMP[K
CMP[K
CMP[K
CMP[K
CMP[K
CMP[K
CMP[K
CMP[K
CMP[K
[K[1;24r[24;1H[2;24r[1;1H[14S[9BCMP
CMP[K
CMP[K
CMP[K
CMP[K
CMP[K
CMP[K
CMP[K
CMP[K
CMP[K
CMP[K
CMP[K
CMP[K
CMP[K
[K[1;24r[24;1H[2;24r[1;1H[13S[10BCMP
CMP[K
CMP[K
CMP[K
CMP[K
CMP[K
CMP[K
CMP[K
CMP[K
CMP[K
CMP[K
CMP[K
CMP[K
[K[1;24r[24;1H[2;24r[1;1H[10S[14dCMP
CMP[K
CMP[K
CMP[K
CMP[K
CMP[K
CMP[K
CMP[K
CMP[K
CMP[K
[K[1;24r[24;1H[2;24r[1;1H[11S[13dCMP
CMP[K
CMP[K
CMP[K
CMP[K
CMP[K
CMP[K
CMP[K
CMP[K
CMP[K
CMP[K
[K[1;24r[24;1H[2;24r[1;1H[11S[13dCMP
CMP[K
CMP[K
CMP[K
CMP[K
CMP[K
CMP[K
CMP[K
CMP[K
CMP[K
CMP[K
[K[1;24r[24;1H[2;24r[1;1H[8S[16dCMP
CMP[K
CMP[K
CMP[K
CMP[K
CMP[K
CMP[K
CMP[K
[K[1;24r[24;1H[2;24r[1;1H[8S[16dCMP
CMP[K
CMP[K
CMP[K
CMP[K
CMP[K
CMP[K
CMP[K
[K[1;24r[24;1H[?25l[?12l[?25h[do-ai] relay è¾“å‡ºä¸ŠæŠ¥æˆåŠŸ: lines=186 raw=0 status=200 OK
[1;0r(B[m[?1l>[H[2J[?12l[?25h[?1000l[?1002l[?1003l[?1006l[?1005l[?2004l[?7727l[?1004l[?1049l[23;0;0t[?2031l[exited]

Script done on 2026-02-09 20:52:44+08:00 [COMMAND_EXIT_CODE="0"]
