> Task :expo-gradle-plugin:expo-autolinking-plugin-shared:checkKotlinGradlePluginConfigurationErrors SKIPPED
> Task :gradle-plugin:shared:checkKotlinGradlePluginConfigurationErrors SKIPPED
> Task :expo-gradle-plugin:expo-autolinking-settings-plugin:checkKotlinGradlePluginConfigurationErrors SKIPPED
> Task :gradle-plugin:settings-plugin:checkKotlinGradlePluginConfigurationErrors SKIPPED
> Task :gradle-plugin:settings-plugin:pluginDescriptors UP-TO-DATE
> Task :expo-gradle-plugin:expo-autolinking-settings-plugin:pluginDescriptors UP-TO-DATE
> Task :gradle-plugin:settings-plugin:processResources UP-TO-DATE
> Task :expo-gradle-plugin:expo-autolinking-settings-plugin:processResources UP-TO-DATE
> Task :expo-gradle-plugin:expo-autolinking-plugin-shared:compileKotlin UP-TO-DATE
> Task :gradle-plugin:shared:compileKotlin UP-TO-DATE
> Task :gradle-plugin:shared:compileJava NO-SOURCE
> Task :expo-gradle-plugin:expo-autolinking-plugin-shared:compileJava NO-SOURCE
> Task :expo-gradle-plugin:expo-autolinking-plugin-shared:processResources NO-SOURCE
> Task :gradle-plugin:shared:processResources NO-SOURCE
> Task :gradle-plugin:shared:classes UP-TO-DATE
> Task :expo-gradle-plugin:expo-autolinking-plugin-shared:classes UP-TO-DATE
> Task :gradle-plugin:shared:jar UP-TO-DATE
> Task :expo-gradle-plugin:expo-autolinking-plugin-shared:jar UP-TO-DATE
> Task :gradle-plugin:settings-plugin:compileKotlin UP-TO-DATE
> Task :gradle-plugin:settings-plugin:compileJava NO-SOURCE
> Task :gradle-plugin:settings-plugin:classes UP-TO-DATE
> Task :expo-gradle-plugin:expo-autolinking-settings-plugin:compileKotlin UP-TO-DATE
> Task :expo-gradle-plugin:expo-autolinking-settings-plugin:compileJava NO-SOURCE
> Task :expo-gradle-plugin:expo-autolinking-settings-plugin:classes UP-TO-DATE
> Task :gradle-plugin:settings-plugin:jar UP-TO-DATE
> Task :expo-gradle-plugin:expo-autolinking-settings-plugin:jar UP-TO-DATE
> Task :gradle-plugin:react-native-gradle-plugin:checkKotlinGradlePluginConfigurationErrors SKIPPED
> Task :expo-gradle-plugin:expo-autolinking-plugin:checkKotlinGradlePluginConfigurationErrors SKIPPED
> Task :expo-module-gradle-plugin:checkKotlinGradlePluginConfigurationErrors SKIPPED
> Task :expo-module-gradle-plugin:pluginDescriptors UP-TO-DATE
> Task :expo-module-gradle-plugin:processResources UP-TO-DATE
> Task :expo-gradle-plugin:expo-autolinking-plugin:compileKotlin UP-TO-DATE
> Task :expo-gradle-plugin:expo-autolinking-plugin:compileJava NO-SOURCE
> Task :expo-gradle-plugin:expo-autolinking-plugin:pluginDescriptors UP-TO-DATE
> Task :expo-gradle-plugin:expo-autolinking-plugin:processResources UP-TO-DATE
> Task :expo-gradle-plugin:expo-autolinking-plugin:classes UP-TO-DATE
> Task :gradle-plugin:react-native-gradle-plugin:compileKotlin UP-TO-DATE
> Task :expo-gradle-plugin:expo-autolinking-plugin:jar UP-TO-DATE
> Task :gradle-plugin:react-native-gradle-plugin:compileJava NO-SOURCE
> Task :gradle-plugin:react-native-gradle-plugin:pluginDescriptors UP-TO-DATE
> Task :gradle-plugin:react-native-gradle-plugin:processResources UP-TO-DATE
> Task :gradle-plugin:react-native-gradle-plugin:classes UP-TO-DATE
> Task :gradle-plugin:react-native-gradle-plugin:jar UP-TO-DATE
> Task :expo-module-gradle-plugin:compileKotlin UP-TO-DATE
> Task :expo-module-gradle-plugin:compileJava NO-SOURCE
> Task :expo-module-gradle-plugin:classes UP-TO-DATE
> Task :expo-module-gradle-plugin:jar UP-TO-DATE

> Configure project :
[32m[ExpoRootProject][0m Using the following versions:
  - buildTools:  [32m35.0.0[0m
  - minSdk:      [32m24[0m
  - compileSdk:  [32m36[0m
  - targetSdk:   [32m36[0m
  - ndk:         [32m27.0.12077973[0m
  - kotlin:      [32m2.1.20[0m
  - ksp:         [32m2.1.20-2.0.1[0m

> Configure project :expo-modules-core
WARNING: [CXX5106] NDK was located by using ndk.dir property. This method is deprecated and will be removed in a future release. Please delete ndk.dir from local.properties and set android.ndkVersion to [27.0.12077973] in all native modules in the project. https://developer.android.com/r/studio-ui/ndk-dir
[CXX5106] NDK was located by using ndk.dir property. This method is deprecated and will be removed in a future release. Please delete ndk.dir from local.properties and set android.ndkVersion to [27.0.12077973] in all native modules in the project. https://developer.android.com/r/studio-ui/ndk-dir
WARNING: [CXX5106] NDK was located by using ndk.dir property. This method is deprecated and will be removed in a future release. Please delete ndk.dir from local.properties and set android.ndkVersion to [27.0.12077973] in all native modules in the project. https://developer.android.com/r/studio-ui/ndk-dir
[CXX5106] NDK was located by using ndk.dir property. This method is deprecated and will be removed in a future release. Please delete ndk.dir from local.properties and set android.ndkVersion to [27.0.12077973] in all native modules in the project. https://developer.android.com/r/studio-ui/ndk-dir
WARNING: [CXX5106] NDK was located by using ndk.dir property. This method is deprecated and will be removed in a future release. Please delete ndk.dir from local.properties and set android.ndkVersion to [27.0.12077973] in all native modules in the project. https://developer.android.com/r/studio-ui/ndk-dir
[CXX5106] NDK was located by using ndk.dir property. This method is deprecated and will be removed in a future release. Please delete ndk.dir from local.properties and set android.ndkVersion to [27.0.12077973] in all native modules in the project. https://developer.android.com/r/studio-ui/ndk-dir
WARNING: [CXX5106] NDK was located by using ndk.dir property. This method is deprecated and will be removed in a future release. Please delete ndk.dir from local.properties and set android.ndkVersion to [27.0.12077973] in all native modules in the project. https://developer.android.com/r/studio-ui/ndk-dir
[CXX5106] NDK was located by using ndk.dir property. This method is deprecated and will be removed in a future release. Please delete ndk.dir from local.properties and set android.ndkVersion to [27.0.12077973] in all native modules in the project. https://developer.android.com/r/studio-ui/ndk-dir
WARNING: [CXX5106] NDK was located by using ndk.dir property. This method is deprecated and will be removed in a future release. Please delete ndk.dir from local.properties and set android.ndkVersion to [27.0.12077973] in all native modules in the project. https://developer.android.com/r/studio-ui/ndk-dir
[CXX5106] NDK was located by using ndk.dir property. This method is deprecated and will be removed in a future release. Please delete ndk.dir from local.properties and set android.ndkVersion to [27.0.12077973] in all native modules in the project. https://developer.android.com/r/studio-ui/ndk-dir
WARNING: [CXX5106] NDK was located by using ndk.dir property. This method is deprecated and will be removed in a future release. Please delete ndk.dir from local.properties and set android.ndkVersion to [27.0.12077973] in all native modules in the project. https://developer.android.com/r/studio-ui/ndk-dir
[CXX5106] NDK was located by using ndk.dir property. This method is deprecated and will be removed in a future release. Please delete ndk.dir from local.properties and set android.ndkVersion to [27.0.12077973] in all native modules in the project. https://developer.android.com/r/studio-ui/ndk-dir
WARNING: [CXX5106] NDK was located by using ndk.dir property. This method is deprecated and will be removed in a future release. Please delete ndk.dir from local.properties and set android.ndkVersion to [27.0.12077973] in all native modules in the project. https://developer.android.com/r/studio-ui/ndk-dir
[CXX5106] NDK was located by using ndk.dir property. This method is deprecated and will be removed in a future release. Please delete ndk.dir from local.properties and set android.ndkVersion to [27.0.12077973] in all native modules in the project. https://developer.android.com/r/studio-ui/ndk-dir
WARNING: [CXX5106] NDK was located by using ndk.dir property. This method is deprecated and will be removed in a future release. Please delete ndk.dir from local.properties and set android.ndkVersion to [27.0.12077973] in all native modules in the project. https://developer.android.com/r/studio-ui/ndk-dir
[CXX5106] NDK was located by using ndk.dir property. This method is deprecated and will be removed in a future release. Please delete ndk.dir from local.properties and set android.ndkVersion to [27.0.12077973] in all native modules in the project. https://developer.android.com/r/studio-ui/ndk-dir
WARNING: [CXX5106] NDK was located by using ndk.dir property. This method is deprecated and will be removed in a future release. Please delete ndk.dir from local.properties and set android.ndkVersion to [27.0.12077973] in all native modules in the project. https://developer.android.com/r/studio-ui/ndk-dir
[CXX5106] NDK was located by using ndk.dir property. This method is deprecated and will be removed in a future release. Please delete ndk.dir from local.properties and set android.ndkVersion to [27.0.12077973] in all native modules in the project. https://developer.android.com/r/studio-ui/ndk-dir
WARNING: [CXX5106] NDK was located by using ndk.dir property. This method is deprecated and will be removed in a future release. Please delete ndk.dir from local.properties and set android.ndkVersion to [27.0.12077973] in all native modules in the project. https://developer.android.com/r/studio-ui/ndk-dir
[CXX5106] NDK was located by using ndk.dir property. This method is deprecated and will be removed in a future release. Please delete ndk.dir from local.properties and set android.ndkVersion to [27.0.12077973] in all native modules in the project. https://developer.android.com/r/studio-ui/ndk-dir
WARNING: [CXX5106] NDK was located by using ndk.dir property. This method is deprecated and will be removed in a future release. Please delete ndk.dir from local.properties and set android.ndkVersion to [27.0.12077973] in all native modules in the project. https://developer.android.com/r/studio-ui/ndk-dir
[CXX5106] NDK was located by using ndk.dir property. This method is deprecated and will be removed in a future release. Please delete ndk.dir from local.properties and set android.ndkVersion to [27.0.12077973] in all native modules in the project. https://developer.android.com/r/studio-ui/ndk-dir
WARNING: [CXX5106] NDK was located by using ndk.dir property. This method is deprecated and will be removed in a future release. Please delete ndk.dir from local.properties and set android.ndkVersion to [27.0.12077973] in all native modules in the project. https://developer.android.com/r/studio-ui/ndk-dir
[CXX5106] NDK was located by using ndk.dir property. This method is deprecated and will be removed in a future release. Please delete ndk.dir from local.properties and set android.ndkVersion to [27.0.12077973] in all native modules in the project. https://developer.android.com/r/studio-ui/ndk-dir
WARNING: [CXX5106] NDK was located by using ndk.dir property. This method is deprecated and will be removed in a future release. Please delete ndk.dir from local.properties and set android.ndkVersion to [27.0.12077973] in all native modules in the project. https://developer.android.com/r/studio-ui/ndk-dir
[CXX5106] NDK was located by using ndk.dir property. This method is deprecated and will be removed in a future release. Please delete ndk.dir from local.properties and set android.ndkVersion to [27.0.12077973] in all native modules in the project. https://developer.android.com/r/studio-ui/ndk-dir

> Configure project :expo

Using expo modules
  - [32mexpo-constants[0m (18.0.13)
  - [32mexpo-modules-core[0m (3.0.29)
  - [33m[📦][0m [32mexpo-application[0m (7.0.8)
  - [33m[📦][0m [32mexpo-asset[0m (12.0.12)
  - [33m[📦][0m [32mexpo-device[0m (8.0.10)
  - [33m[📦][0m [32mexpo-file-system[0m (19.0.21)
  - [33m[📦][0m [32mexpo-font[0m (14.0.11)
  - [33m[📦][0m [32mexpo-haptics[0m (15.0.8)
  - [33m[📦][0m [32mexpo-keep-awake[0m (15.0.8)
  - [33m[📦][0m [32mexpo-notifications[0m (0.32.16)


> Task :app:dependencies

------------------------------------------------------------
Project ':app'
------------------------------------------------------------

debugRuntimeClasspath - Runtime classpath of '/debug'.
+--- org.jetbrains.kotlin:kotlin-stdlib:2.1.20
|    +--- org.jetbrains:annotations:13.0 -> 23.0.0
|    +--- org.jetbrains.kotlin:kotlin-stdlib-jdk7:1.8.0 -> 2.1.20 (c)
|    +--- org.jetbrains.kotlin:kotlin-stdlib-jdk8:1.8.0 -> 1.8.22 (c)
|    \--- org.jetbrains.kotlin:kotlin-stdlib-common:2.1.20 (c)
+--- project :expo
|    +--- project :expo-constants
|    |    +--- androidx.annotation:annotation:1.0.0 -> 1.8.1
|    |    |    \--- androidx.annotation:annotation-jvm:1.8.1
|    |    |         \--- org.jetbrains.kotlin:kotlin-stdlib:1.7.10 -> 2.1.20 (*)
|    |    +--- org.jetbrains.kotlin:kotlin-stdlib-jdk7:2.1.20
|    |    |    \--- org.jetbrains.kotlin:kotlin-stdlib:2.1.20 (*)
|    |    \--- commons-io:commons-io:2.6
|    +--- project :expo-modules-core
|    |    +--- org.jetbrains.kotlinx:kotlinx-coroutines-core:1.7.3
|    |    |    \--- org.jetbrains.kotlinx:kotlinx-coroutines-core-jvm:1.7.3
|    |    |         +--- org.jetbrains:annotations:23.0.0
|    |    |         +--- org.jetbrains.kotlinx:kotlinx-coroutines-bom:1.7.3
|    |    |         |    +--- org.jetbrains.kotlinx:kotlinx-coroutines-android:1.7.3 (c)
|    |    |         |    +--- org.jetbrains.kotlinx:kotlinx-coroutines-core-jvm:1.7.3 (c)
|    |    |         |    +--- org.jetbrains.kotlinx:kotlinx-coroutines-core:1.7.3 (c)
|    |    |         |    \--- org.jetbrains.kotlinx:kotlinx-coroutines-play-services:1.7.3 (c)
|    |    |         +--- org.jetbrains.kotlin:kotlin-stdlib-common:1.8.20 -> 2.1.20
|    |    |         |    \--- org.jetbrains.kotlin:kotlin-stdlib:2.1.20 (*)
|    |    |         \--- org.jetbrains.kotlin:kotlin-stdlib-jdk8:1.8.20 -> 1.8.22
|    |    |              +--- org.jetbrains.kotlin:kotlin-stdlib:1.8.22 -> 2.1.20 (*)
|    |    |              \--- org.jetbrains.kotlin:kotlin-stdlib-jdk7:1.8.22 -> 2.1.20 (*)
|    |    +--- org.jetbrains.kotlinx:kotlinx-coroutines-android:1.7.3
|    |    |    +--- org.jetbrains.kotlinx:kotlinx-coroutines-core:1.7.3 (*)
|    |    |    +--- org.jetbrains.kotlinx:kotlinx-coroutines-bom:1.7.3 (*)
|    |    |    \--- org.jetbrains.kotlin:kotlin-stdlib-jdk8:1.8.20 -> 1.8.22 (*)
|    |    +--- androidx.core:core-ktx:1.13.1
|    |    |    +--- androidx.annotation:annotation:1.1.0 -> 1.8.1 (*)
|    |    |    +--- androidx.core:core:1.13.1
|    |    |    |    +--- androidx.annotation:annotation:1.6.0 -> 1.8.1 (*)
|    |    |    |    +--- androidx.annotation:annotation-experimental:1.4.0
|    |    |    |    |    \--- org.jetbrains.kotlin:kotlin-stdlib:1.7.10 -> 2.1.20 (*)
|    |    |    |    +--- androidx.collection:collection:1.0.0 -> 1.1.0
|    |    |    |    |    \--- androidx.annotation:annotation:1.1.0 -> 1.8.1 (*)
|    |    |    |    +--- androidx.concurrent:concurrent-futures:1.0.0 -> 1.1.0
|    |    |    |    |    +--- androidx.annotation:annotation:1.1.0 -> 1.8.1 (*)
|    |    |    |    |    \--- com.google.guava:listenablefuture:1.0
|    |    |    |    +--- androidx.interpolator:interpolator:1.0.0
|    |    |    |    |    \--- androidx.annotation:annotation:1.0.0 -> 1.8.1 (*)
|    |    |    |    +--- androidx.lifecycle:lifecycle-runtime:2.6.2
|    |    |    |    |    +--- androidx.annotation:annotation:1.1.0 -> 1.8.1 (*)
|    |    |    |    |    +--- androidx.arch.core:core-common:2.2.0
|    |    |    |    |    |    \--- androidx.annotation:annotation:1.1.0 -> 1.8.1 (*)
|    |    |    |    |    +--- androidx.arch.core:core-runtime:2.2.0
|    |    |    |    |    |    +--- androidx.annotation:annotation:1.1.0 -> 1.8.1 (*)
|    |    |    |    |    |    \--- androidx.arch.core:core-common:2.2.0 (*)
|    |    |    |    |    +--- androidx.lifecycle:lifecycle-common:2.6.2
|    |    |    |    |    |    +--- androidx.annotation:annotation:1.1.0 -> 1.8.1 (*)
|    |    |    |    |    |    +--- org.jetbrains.kotlin:kotlin-stdlib:1.8.10 -> 2.1.20 (*)
|    |    |    |    |    |    +--- org.jetbrains.kotlinx:kotlinx-coroutines-android:1.6.4 -> 1.7.3 (*)
|    |    |    |    |    |    +--- androidx.lifecycle:lifecycle-common-java8:2.6.2 (c)
|    |    |    |    |    |    +--- androidx.lifecycle:lifecycle-livedata:2.6.2 (c)
|    |    |    |    |    |    +--- androidx.lifecycle:lifecycle-livedata-core:2.6.2 (c)
|    |    |    |    |    |    +--- androidx.lifecycle:lifecycle-process:2.6.2 (c)
|    |    |    |    |    |    +--- androidx.lifecycle:lifecycle-runtime:2.6.2 (c)
|    |    |    |    |    |    +--- androidx.lifecycle:lifecycle-viewmodel:2.6.2 (c)
|    |    |    |    |    |    \--- androidx.lifecycle:lifecycle-viewmodel-savedstate:2.6.2 (c)
|    |    |    |    |    +--- androidx.profileinstaller:profileinstaller:1.3.0 -> 1.3.1
|    |    |    |    |    |    +--- androidx.annotation:annotation:1.2.0 -> 1.8.1 (*)
|    |    |    |    |    |    +--- androidx.concurrent:concurrent-futures:1.1.0 (*)
|    |    |    |    |    |    +--- androidx.startup:startup-runtime:1.1.1
|    |    |    |    |    |    |    +--- androidx.annotation:annotation:1.1.0 -> 1.8.1 (*)
|    |    |    |    |    |    |    \--- androidx.tracing:tracing:1.0.0 -> 1.2.0
|    |    |    |    |    |    |         +--- androidx.annotation:annotation:1.2.0 -> 1.8.1 (*)
|    |    |    |    |    |    |         \--- androidx.tracing:tracing-ktx:1.2.0 (c)
|    |    |    |    |    |    \--- com.google.guava:listenablefuture:1.0
|    |    |    |    |    +--- org.jetbrains.kotlin:kotlin-stdlib:1.8.10 -> 2.1.20 (*)
|    |    |    |    |    +--- androidx.lifecycle:lifecycle-common:2.6.2 (c)
|    |    |    |    |    +--- androidx.lifecycle:lifecycle-common-java8:2.6.2 (c)
|    |    |    |    |    +--- androidx.lifecycle:lifecycle-livedata:2.6.2 (c)
|    |    |    |    |    +--- androidx.lifecycle:lifecycle-livedata-core:2.6.2 (c)
|    |    |    |    |    +--- androidx.lifecycle:lifecycle-process:2.6.2 (c)
|    |    |    |    |    +--- androidx.lifecycle:lifecycle-viewmodel:2.6.2 (c)
|    |    |    |    |    \--- androidx.lifecycle:lifecycle-viewmodel-savedstate:2.6.2 (c)
|    |    |    |    +--- androidx.versionedparcelable:versionedparcelable:1.1.1
|    |    |    |    |    +--- androidx.annotation:annotation:1.1.0 -> 1.8.1 (*)
|    |    |    |    |    \--- androidx.collection:collection:1.0.0 -> 1.1.0 (*)
|    |    |    |    +--- org.jetbrains.kotlin:kotlin-stdlib:1.8.22 -> 2.1.20 (*)
|    |    |    |    \--- androidx.core:core-ktx:1.13.1 (c)
|    |    |    +--- org.jetbrains.kotlin:kotlin-stdlib:1.8.22 -> 2.1.20 (*)
|    |    |    \--- androidx.core:core:1.13.1 (c)
|    |    +--- org.jetbrains.kotlin:kotlin-stdlib-jdk7:2.1.20 (*)
|    |    +--- org.jetbrains.kotlin:kotlin-reflect:2.1.20
|    |    |    \--- org.jetbrains.kotlin:kotlin-stdlib:2.1.20 (*)
|    |    +--- androidx.annotation:annotation:1.7.1 -> 1.8.1 (*)
|    |    +--- androidx.tracing:tracing-ktx:1.2.0
|    |    |    +--- androidx.tracing:tracing:1.2.0 (*)
|    |    |    +--- org.jetbrains.kotlin:kotlin-stdlib:1.8.21 -> 2.1.20 (*)
|    |    |    \--- androidx.tracing:tracing:1.2.0 (c)
|    |    \--- com.facebook.react:react-android -> 0.81.5
|    |         +--- androidx.appcompat:appcompat:1.7.0
|    |         |    +--- androidx.activity:activity:1.7.0
|    |         |    |    +--- androidx.annotation:annotation:1.1.0 -> 1.8.1 (*)
|    |         |    |    +--- androidx.collection:collection:1.0.0 -> 1.1.0 (*)
|    |         |    |    +--- androidx.core:core:1.8.0 -> 1.13.1 (*)
|    |         |    |    +--- androidx.lifecycle:lifecycle-runtime:2.6.1 -> 2.6.2 (*)
|    |         |    |    +--- androidx.lifecycle:lifecycle-viewmodel:2.6.1 -> 2.6.2
|    |         |    |    |    +--- androidx.annotation:annotation:1.1.0 -> 1.8.1 (*)
|    |         |    |    |    +--- org.jetbrains.kotlin:kotlin-stdlib:1.8.10 -> 2.1.20 (*)
|    |         |    |    |    +--- androidx.lifecycle:lifecycle-common:2.6.2 (c)
|    |         |    |    |    +--- androidx.lifecycle:lifecycle-common-java8:2.6.2 (c)
|    |         |    |    |    +--- androidx.lifecycle:lifecycle-livedata:2.6.2 (c)
|    |         |    |    |    +--- androidx.lifecycle:lifecycle-livedata-core:2.6.2 (c)
|    |         |    |    |    +--- androidx.lifecycle:lifecycle-process:2.6.2 (c)
|    |         |    |    |    +--- androidx.lifecycle:lifecycle-runtime:2.6.2 (c)
|    |         |    |    |    \--- androidx.lifecycle:lifecycle-viewmodel-savedstate:2.6.2 (c)
|    |         |    |    +--- androidx.lifecycle:lifecycle-viewmodel-savedstate:2.6.1 -> 2.6.2
|    |         |    |    |    +--- androidx.annotation:annotation:1.0.0 -> 1.8.1 (*)
|    |         |    |    |    +--- androidx.core:core-ktx:1.2.0 -> 1.13.1 (*)
|    |         |    |    |    +--- androidx.lifecycle:lifecycle-livedata-core:2.6.2
|    |         |    |    |    |    +--- androidx.arch.core:core-common:2.1.0 -> 2.2.0 (*)
|    |         |    |    |    |    +--- androidx.arch.core:core-runtime:2.1.0 -> 2.2.0 (*)
|    |         |    |    |    |    +--- androidx.lifecycle:lifecycle-common:2.6.2 (*)
|    |         |    |    |    |    +--- org.jetbrains.kotlin:kotlin-stdlib:1.8.10 -> 2.1.20 (*)
|    |         |    |    |    |    +--- androidx.lifecycle:lifecycle-common:2.6.2 (c)
|    |         |    |    |    |    +--- androidx.lifecycle:lifecycle-common-java8:2.6.2 (c)
|    |         |    |    |    |    +--- androidx.lifecycle:lifecycle-livedata:2.6.2 (c)
|    |         |    |    |    |    +--- androidx.lifecycle:lifecycle-process:2.6.2 (c)
|    |         |    |    |    |    +--- androidx.lifecycle:lifecycle-runtime:2.6.2 (c)
|    |         |    |    |    |    +--- androidx.lifecycle:lifecycle-viewmodel:2.6.2 (c)
|    |         |    |    |    |    \--- androidx.lifecycle:lifecycle-viewmodel-savedstate:2.6.2 (c)
|    |         |    |    |    +--- androidx.lifecycle:lifecycle-viewmodel:2.6.2 (*)
|    |         |    |    |    +--- androidx.savedstate:savedstate:1.2.1
|    |         |    |    |    |    +--- androidx.annotation:annotation:1.1.0 -> 1.8.1 (*)
|    |         |    |    |    |    +--- androidx.arch.core:core-common:2.1.0 -> 2.2.0 (*)
|    |         |    |    |    |    +--- androidx.lifecycle:lifecycle-common:2.6.1 -> 2.6.2 (*)
|    |         |    |    |    |    \--- org.jetbrains.kotlin:kotlin-stdlib:1.8.10 -> 2.1.20 (*)
|    |         |    |    |    +--- org.jetbrains.kotlin:kotlin-stdlib:1.8.10 -> 2.1.20 (*)
|    |         |    |    |    +--- org.jetbrains.kotlinx:kotlinx-coroutines-android:1.6.4 -> 1.7.3 (*)
|    |         |    |    |    +--- androidx.lifecycle:lifecycle-common:2.6.2 (c)
|    |         |    |    |    +--- androidx.lifecycle:lifecycle-common-java8:2.6.2 (c)
|    |         |    |    |    +--- androidx.lifecycle:lifecycle-livedata:2.6.2 (c)
|    |         |    |    |    +--- androidx.lifecycle:lifecycle-livedata-core:2.6.2 (c)
|    |         |    |    |    +--- androidx.lifecycle:lifecycle-process:2.6.2 (c)
|    |         |    |    |    +--- androidx.lifecycle:lifecycle-runtime:2.6.2 (c)
|    |         |    |    |    \--- androidx.lifecycle:lifecycle-viewmodel:2.6.2 (c)
|    |         |    |    +--- androidx.profileinstaller:profileinstaller:1.3.0 -> 1.3.1 (*)
|    |         |    |    +--- androidx.savedstate:savedstate:1.2.1 (*)
|    |         |    |    +--- androidx.tracing:tracing:1.0.0 -> 1.2.0 (*)
|    |         |    |    \--- org.jetbrains.kotlin:kotlin-stdlib:1.8.10 -> 2.1.20 (*)
|    |         |    +--- androidx.annotation:annotation:1.3.0 -> 1.8.1 (*)
|    |         |    +--- androidx.appcompat:appcompat-resources:1.7.0
|    |         |    |    +--- androidx.annotation:annotation:1.2.0 -> 1.8.1 (*)
|    |         |    |    +--- androidx.collection:collection:1.0.0 -> 1.1.0 (*)
|    |         |    |    +--- androidx.core:core:1.6.0 -> 1.13.1 (*)
|    |         |    |    +--- androidx.vectordrawable:vectordrawable:1.1.0
|    |         |    |    |    +--- androidx.annotation:annotation:1.1.0 -> 1.8.1 (*)
|    |         |    |    |    +--- androidx.core:core:1.1.0 -> 1.13.1 (*)
|    |         |    |    |    \--- androidx.collection:collection:1.1.0 (*)
|    |         |    |    +--- androidx.vectordrawable:vectordrawable-animated:1.1.0
|    |         |    |    |    +--- androidx.vectordrawable:vectordrawable:1.1.0 (*)
|    |         |    |    |    +--- androidx.interpolator:interpolator:1.0.0 (*)
|    |         |    |    |    \--- androidx.collection:collection:1.1.0 (*)
|    |         |    |    \--- androidx.appcompat:appcompat:1.7.0 (c)
|    |         |    +--- androidx.collection:collection:1.0.0 -> 1.1.0 (*)
|    |         |    +--- androidx.core:core:1.13.0 -> 1.13.1 (*)
|    |         |    +--- androidx.core:core-ktx:1.13.0 -> 1.13.1 (*)
|    |         |    +--- androidx.cursoradapter:cursoradapter:1.0.0
|    |         |    |    \--- androidx.annotation:annotation:1.0.0 -> 1.8.1 (*)
|    |         |    +--- androidx.drawerlayout:drawerlayout:1.0.0
|    |         |    |    +--- androidx.annotation:annotation:1.0.0 -> 1.8.1 (*)
|    |         |    |    +--- androidx.core:core:1.0.0 -> 1.13.1 (*)
|    |         |    |    \--- androidx.customview:customview:1.0.0
|    |         |    |         +--- androidx.annotation:annotation:1.0.0 -> 1.8.1 (*)
|    |         |    |         \--- androidx.core:core:1.0.0 -> 1.13.1 (*)
|    |         |    +--- androidx.emoji2:emoji2:1.3.0
|    |         |    |    +--- androidx.annotation:annotation:1.2.0 -> 1.8.1 (*)
|    |         |    |    +--- androidx.collection:collection:1.1.0 (*)
|    |         |    |    +--- androidx.core:core:1.3.0 -> 1.13.1 (*)
|    |         |    |    +--- androidx.lifecycle:lifecycle-process:2.4.1 -> 2.6.2
|    |         |    |    |    +--- androidx.annotation:annotation:1.2.0 -> 1.8.1 (*)
|    |         |    |    |    +--- androidx.lifecycle:lifecycle-runtime:2.6.2 (*)
|    |         |    |    |    +--- androidx.startup:startup-runtime:1.1.1 (*)
|    |         |    |    |    +--- org.jetbrains.kotlin:kotlin-stdlib:1.8.10 -> 2.1.20 (*)
|    |         |    |    |    +--- androidx.lifecycle:lifecycle-common:2.6.2 (c)
|    |         |    |    |    +--- androidx.lifecycle:lifecycle-common-java8:2.6.2 (c)
|    |         |    |    |    +--- androidx.lifecycle:lifecycle-livedata:2.6.2 (c)
|    |         |    |    |    +--- androidx.lifecycle:lifecycle-livedata-core:2.6.2 (c)
|    |         |    |    |    +--- androidx.lifecycle:lifecycle-runtime:2.6.2 (c)
|    |         |    |    |    +--- androidx.lifecycle:lifecycle-viewmodel:2.6.2 (c)
|    |         |    |    |    \--- androidx.lifecycle:lifecycle-viewmodel-savedstate:2.6.2 (c)
|    |         |    |    +--- androidx.startup:startup-runtime:1.0.0 -> 1.1.1 (*)
|    |         |    |    \--- androidx.emoji2:emoji2-views-helper:1.3.0 (c)
|    |         |    +--- androidx.emoji2:emoji2-views-helper:1.2.0 -> 1.3.0
|    |         |    |    +--- androidx.collection:collection:1.1.0 (*)
|    |         |    |    +--- androidx.core:core:1.3.0 -> 1.13.1 (*)
|    |         |    |    +--- androidx.emoji2:emoji2:1.3.0 (*)
|    |         |    |    \--- androidx.emoji2:emoji2:1.3.0 (c)
|    |         |    +--- androidx.fragment:fragment:1.5.4
|    |         |    |    +--- androidx.activity:activity:1.5.1 -> 1.7.0 (*)
|    |         |    |    +--- androidx.annotation:annotation:1.1.0 -> 1.8.1 (*)
|    |         |    |    +--- androidx.annotation:annotation-experimental:1.0.0 -> 1.4.0 (*)
|    |         |    |    +--- androidx.collection:collection:1.1.0 (*)
|    |         |    |    +--- androidx.core:core-ktx:1.2.0 -> 1.13.1 (*)
|    |         |    |    +--- androidx.lifecycle:lifecycle-livedata-core:2.5.1 -> 2.6.2 (*)
|    |         |    |    +--- androidx.lifecycle:lifecycle-viewmodel:2.5.1 -> 2.6.2 (*)
|    |         |    |    +--- androidx.lifecycle:lifecycle-viewmodel-savedstate:2.5.1 -> 2.6.2 (*)
|    |         |    |    +--- androidx.loader:loader:1.0.0
|    |         |    |    |    +--- androidx.annotation:annotation:1.0.0 -> 1.8.1 (*)
|    |         |    |    |    +--- androidx.core:core:1.0.0 -> 1.13.1 (*)
|    |         |    |    |    +--- androidx.lifecycle:lifecycle-livedata:2.0.0 -> 2.6.2
|    |         |    |    |    |    +--- androidx.arch.core:core-common:2.1.0 -> 2.2.0 (*)
|    |         |    |    |    |    +--- androidx.arch.core:core-runtime:2.1.0 -> 2.2.0 (*)
|    |         |    |    |    |    +--- androidx.lifecycle:lifecycle-livedata-core:2.6.2 (*)
|    |         |    |    |    |    +--- org.jetbrains.kotlin:kotlin-stdlib:1.8.10 -> 2.1.20 (*)
|    |         |    |    |    |    +--- androidx.lifecycle:lifecycle-common:2.6.2 (c)
|    |         |    |    |    |    +--- androidx.lifecycle:lifecycle-common-java8:2.6.2 (c)
|    |         |    |    |    |    +--- androidx.lifecycle:lifecycle-livedata-core:2.6.2 (c)
|    |         |    |    |    |    +--- androidx.lifecycle:lifecycle-process:2.6.2 (c)
|    |         |    |    |    |    +--- androidx.lifecycle:lifecycle-runtime:2.6.2 (c)
|    |         |    |    |    |    +--- androidx.lifecycle:lifecycle-viewmodel:2.6.2 (c)
|    |         |    |    |    |    \--- androidx.lifecycle:lifecycle-viewmodel-savedstate:2.6.2 (c)
|    |         |    |    |    \--- androidx.lifecycle:lifecycle-viewmodel:2.0.0 -> 2.6.2 (*)
|    |         |    |    +--- androidx.savedstate:savedstate:1.2.0 -> 1.2.1 (*)
|    |         |    |    +--- androidx.viewpager:viewpager:1.0.0
|    |         |    |    |    +--- androidx.annotation:annotation:1.0.0 -> 1.8.1 (*)
|    |         |    |    |    +--- androidx.core:core:1.0.0 -> 1.13.1 (*)
|    |         |    |    |    \--- androidx.customview:customview:1.0.0 (*)
|    |         |    |    \--- org.jetbrains.kotlin:kotlin-stdlib:1.6.21 -> 2.1.20 (*)
|    |         |    +--- androidx.lifecycle:lifecycle-runtime:2.6.1 -> 2.6.2 (*)
|    |         |    +--- androidx.lifecycle:lifecycle-viewmodel:2.6.1 -> 2.6.2 (*)
|    |         |    +--- androidx.profileinstaller:profileinstaller:1.3.1 (*)
|    |         |    +--- androidx.resourceinspection:resourceinspection-annotation:1.0.1
|    |         |    |    \--- androidx.annotation:annotation:1.1.0 -> 1.8.1 (*)
|    |         |    +--- androidx.savedstate:savedstate:1.2.1 (*)
|    |         |    +--- org.jetbrains.kotlin:kotlin-stdlib:1.8.22 -> 2.1.20 (*)
|    |         |    \--- androidx.appcompat:appcompat-resources:1.7.0 (c)
|    |         +--- androidx.appcompat:appcompat-resources:1.7.0 (*)
|    |         +--- androidx.autofill:autofill:1.1.0
|    |         |    \--- androidx.core:core:1.1.0 -> 1.13.1 (*)
|    |         +--- androidx.swiperefreshlayout:swiperefreshlayout:1.1.0
|    |         |    +--- androidx.annotation:annotation:1.1.0 -> 1.8.1 (*)
|    |         |    +--- androidx.core:core:1.1.0 -> 1.13.1 (*)
|    |         |    \--- androidx.interpolator:interpolator:1.0.0 (*)
|    |         +--- androidx.tracing:tracing:1.1.0 -> 1.2.0 (*)
|    |         +--- com.facebook.fbjni:fbjni:0.7.0
|    |         |    \--- com.facebook.soloader:nativeloader:0.10.5 -> 0.12.1
|    |         +--- com.facebook.fresco:fresco:3.6.0
|    |         |    +--- com.facebook.fresco:soloader:3.6.0
|    |         |    |    +--- com.facebook.fresco:fbcore:3.6.0
|    |         |    |    |    +--- androidx.core:core:1.13.1 (*)
|    |         |    |    |    \--- org.jetbrains.kotlin:kotlin-stdlib:2.0.0 -> 2.1.20 (*)
|    |         |    |    \--- com.facebook.soloader:soloader:0.11.0 -> 0.12.1
|    |         |    |         +--- com.facebook.soloader:annotation:0.12.1
|    |         |    |         \--- com.facebook.soloader:nativeloader:0.12.1
|    |         |    +--- com.facebook.soloader:nativeloader:0.11.0 -> 0.12.1
|    |         |    +--- com.facebook.fresco:ui-common:3.6.0
|    |         |    |    +--- com.facebook.fresco:fbcore:3.6.0 (*)
|    |         |    |    \--- org.jetbrains.kotlin:kotlin-stdlib:2.0.0 -> 2.1.20 (*)
|    |         |    +--- com.facebook.fresco:ui-core:3.6.0
|    |         |    |    \--- org.jetbrains.kotlin:kotlin-stdlib:2.0.0 -> 2.1.20 (*)
|    |         |    +--- com.facebook.fresco:middleware:3.6.0
|    |         |    |    +--- com.facebook.fresco:fbcore:3.6.0 (*)
|    |         |    |    +--- com.facebook.fresco:ui-common:3.6.0 (*)
|    |         |    |    \--- org.jetbrains.kotlin:kotlin-stdlib:2.0.0 -> 2.1.20 (*)
|    |         |    +--- com.facebook.fresco:fbcore:3.6.0 (*)
|    |         |    +--- com.facebook.fresco:drawee:3.6.0
|    |         |    |    +--- com.facebook.fresco:fbcore:3.6.0 (*)
|    |         |    |    +--- com.facebook.fresco:imagepipeline:3.6.0
|    |         |    |    |    +--- com.facebook.soloader:nativeloader:0.11.0 -> 0.12.1
|    |         |    |    |    +--- com.facebook.soloader:annotation:0.11.0 -> 0.12.1
|    |         |    |    |    +--- com.parse.bolts:bolts-tasks:1.4.0
|    |         |    |    |    +--- com.facebook.fresco:fbcore:3.6.0 (*)
|    |         |    |    |    +--- com.facebook.fresco:middleware:3.6.0 (*)
|    |         |    |    |    +--- com.facebook.fresco:urimod:3.6.0
|    |         |    |    |    |    +--- com.facebook.fresco:fbcore:3.6.0 (*)
|    |         |    |    |    |    +--- com.facebook.fresco:ui-core:3.6.0 (*)
|    |         |    |    |    |    +--- com.facebook.fresco:vito-source:3.6.0
|    |         |    |    |    |    |    +--- com.facebook.fresco:middleware:3.6.0 (*)
|    |         |    |    |    |    |    \--- org.jetbrains.kotlin:kotlin-stdlib:2.0.0 -> 2.1.20 (*)
|    |         |    |    |    |    \--- org.jetbrains.kotlin:kotlin-stdlib:2.0.0 -> 2.1.20 (*)
|    |         |    |    |    +--- org.jetbrains.kotlin:kotlin-stdlib:2.0.0 -> 2.1.20 (*)
|    |         |    |    |    \--- com.facebook.fresco:imagepipeline-base:3.6.0
|    |         |    |    |         +--- com.facebook.infer.annotation:infer-annotation:0.18.0
|    |         |    |    |         |    +--- com.google.code.findbugs:jsr305:3.0.1 -> 3.0.2
|    |         |    |    |         |    \--- org.jetbrains.kotlin:kotlin-annotations-jvm:1.3.72
|    |         |    |    |         +--- com.facebook.soloader:annotation:0.11.0 -> 0.12.1
|    |         |    |    |         +--- com.parse.bolts:bolts-tasks:1.4.0
|    |         |    |    |         +--- com.facebook.fresco:fbcore:3.6.0 (*)
|    |         |    |    |         +--- com.facebook.fresco:middleware:3.6.0 (*)
|    |         |    |    |         \--- org.jetbrains.kotlin:kotlin-stdlib:2.0.0 -> 2.1.20 (*)
|    |         |    |    +--- com.facebook.fresco:imagepipeline-native:3.6.0
|    |         |    |    |    +--- com.facebook.fresco:imagepipeline:3.6.0 (*)
|    |         |    |    |    +--- com.facebook.fresco:fbcore:3.6.0 (*)
|    |         |    |    |    \--- com.facebook.soloader:soloader:0.11.0 -> 0.12.1 (*)
|    |         |    |    +--- com.facebook.fresco:memory-type-ashmem:3.6.0
|    |         |    |    |    +--- com.facebook.fresco:fbcore:3.6.0 (*)
|    |         |    |    |    \--- com.facebook.fresco:imagepipeline:3.6.0 (*)
|    |         |    |    +--- com.facebook.fresco:memory-type-native:3.6.0
|    |         |    |    |    +--- com.facebook.fresco:fbcore:3.6.0 (*)
|    |         |    |    |    +--- com.facebook.fresco:imagepipeline:3.6.0 (*)
|    |         |    |    |    +--- com.facebook.fresco:imagepipeline-native:3.6.0 (*)
|    |         |    |    |    \--- com.facebook.soloader:nativeloader:0.11.0 -> 0.12.1
|    |         |    |    +--- com.facebook.fresco:memory-type-java:3.6.0
|    |         |    |    |    +--- com.facebook.fresco:fbcore:3.6.0 (*)
|    |         |    |    |    +--- com.facebook.fresco:imagepipeline:3.6.0 (*)
|    |         |    |    |    \--- com.facebook.fresco:imagepipeline-native:3.6.0 (*)
|    |         |    |    +--- com.facebook.fresco:ui-common:3.6.0 (*)
|    |         |    |    +--- com.facebook.fresco:middleware:3.6.0 (*)
|    |         |    |    +--- com.facebook.fresco:ui-core:3.6.0 (*)
|    |         |    |    \--- org.jetbrains.kotlin:kotlin-stdlib:2.0.0 -> 2.1.20 (*)
|    |         |    +--- com.facebook.fresco:imagepipeline:3.6.0 (*)
|    |         |    +--- com.facebook.fresco:imagepipeline-native:3.6.0 (*)
|    |         |    +--- com.facebook.fresco:memory-type-ashmem:3.6.0 (*)
|    |         |    +--- com.facebook.fresco:memory-type-native:3.6.0 (*)
|    |         |    +--- com.facebook.fresco:memory-type-java:3.6.0 (*)
|    |         |    +--- com.facebook.fresco:nativeimagefilters:3.6.0
|    |         |    |    +--- com.facebook.fresco:imagepipeline:3.6.0 (*)
|    |         |    |    +--- com.facebook.fresco:imagepipeline-native:3.6.0 (*)
|    |         |    |    +--- com.facebook.fresco:memory-type-ashmem:3.6.0 (*)
|    |         |    |    +--- com.facebook.fresco:memory-type-native:3.6.0 (*)
|    |         |    |    +--- com.facebook.fresco:memory-type-java:3.6.0 (*)
|    |         |    |    +--- com.facebook.soloader:nativeloader:0.11.0 -> 0.12.1
|    |         |    |    +--- com.parse.bolts:bolts-tasks:1.4.0
|    |         |    |    \--- com.facebook.fresco:fbcore:3.6.0 (*)
|    |         |    +--- com.facebook.fresco:nativeimagetranscoder:3.6.0
|    |         |    |    +--- com.facebook.fresco:imagepipeline-base:3.6.0 (*)
|    |         |    |    +--- com.facebook.soloader:nativeloader:0.11.0 -> 0.12.1
|    |         |    |    +--- com.parse.bolts:bolts-tasks:1.4.0
|    |         |    |    \--- com.facebook.fresco:fbcore:3.6.0 (*)
|    |         |    \--- org.jetbrains.kotlin:kotlin-stdlib:2.0.0 -> 2.1.20 (*)
|    |         +--- com.facebook.fresco:imagepipeline-okhttp3:3.6.0
|    |         |    +--- com.facebook.fresco:fbcore:3.6.0 (*)
|    |         |    +--- com.facebook.fresco:imagepipeline:3.6.0 (*)
|    |         |    +--- com.facebook.fresco:imagepipeline-native:3.6.0 (*)
|    |         |    +--- com.facebook.fresco:memory-type-ashmem:3.6.0 (*)
|    |         |    +--- com.facebook.fresco:memory-type-native:3.6.0 (*)
|    |         |    +--- com.facebook.fresco:memory-type-java:3.6.0 (*)
|    |         |    +--- com.facebook.fresco:middleware:3.6.0 (*)
|    |         |    +--- com.squareup.okhttp3:okhttp:3.14.9 -> 4.9.2
|    |         |    |    +--- com.squareup.okio:okio:2.8.0 -> 2.9.0
|    |         |    |    |    +--- org.jetbrains.kotlin:kotlin-stdlib:1.4.10 -> 2.1.20 (*)
|    |         |    |    |    \--- org.jetbrains.kotlin:kotlin-stdlib-common:1.4.10 -> 2.1.20 (*)
|    |         |    |    \--- org.jetbrains.kotlin:kotlin-stdlib:1.4.10 -> 2.1.20 (*)
|    |         |    \--- org.jetbrains.kotlin:kotlin-stdlib:2.0.0 -> 2.1.20 (*)
|    |         +--- com.facebook.fresco:middleware:3.6.0 (*)
|    |         +--- com.facebook.fresco:ui-common:3.6.0 (*)
|    |         +--- com.facebook.infer.annotation:infer-annotation:0.18.0 (*)
|    |         +--- com.facebook.soloader:soloader:0.12.1 (*)
|    |         +--- com.facebook.yoga:proguard-annotations:1.19.0
|    |         +--- com.google.code.findbugs:jsr305:3.0.2
|    |         +--- com.squareup.okhttp3:okhttp-urlconnection:4.9.2
|    |         |    +--- com.squareup.okhttp3:okhttp:4.9.2 (*)
|    |         |    \--- org.jetbrains.kotlin:kotlin-stdlib-jdk8:1.4.10 -> 1.8.22 (*)
|    |         +--- com.squareup.okhttp3:okhttp:4.9.2 (*)
|    |         +--- com.squareup.okio:okio:2.9.0 (*)
|    |         +--- javax.inject:javax.inject:1
|    |         \--- org.jetbrains.kotlin:kotlin-stdlib:2.1.20 (*)
|    +--- host.exp.exponent:expo.modules.application:7.0.8
|    |    +--- org.jetbrains.kotlin:kotlin-stdlib-jdk7:2.1.20 (*)
|    |    \--- com.android.installreferrer:installreferrer:2.2
|    +--- expo.modules.asset:expo.modules.asset:12.0.12
|    |    \--- org.jetbrains.kotlin:kotlin-stdlib-jdk7:2.1.20 (*)
|    +--- host.exp.exponent:expo.modules.device:8.0.10
|    |    +--- org.jetbrains.kotlin:kotlin-stdlib-jdk7:2.1.20 (*)
|    |    +--- com.facebook.device.yearclass:yearclass:2.1.0
|    |    \--- androidx.legacy:legacy-support-v4:1.0.0
|    |         +--- androidx.core:core:1.0.0 -> 1.13.1 (*)
|    |         +--- androidx.media:media:1.0.0
|    |         |    +--- androidx.annotation:annotation:1.0.0 -> 1.8.1 (*)
|    |         |    +--- androidx.core:core:1.0.0 -> 1.13.1 (*)
|    |         |    \--- androidx.versionedparcelable:versionedparcelable:1.0.0 -> 1.1.1 (*)
|    |         +--- androidx.legacy:legacy-support-core-utils:1.0.0
|    |         |    +--- androidx.annotation:annotation:1.0.0 -> 1.8.1 (*)
|    |         |    +--- androidx.core:core:1.0.0 -> 1.13.1 (*)
|    |         |    +--- androidx.documentfile:documentfile:1.0.0 -> 1.1.0
|    |         |    |    +--- androidx.annotation:annotation:1.8.1 (*)
|    |         |    |    +--- androidx.core:core:1.7.0 -> 1.13.1 (*)
|    |         |    |    \--- org.jspecify:jspecify:1.0.0
|    |         |    +--- androidx.loader:loader:1.0.0 (*)
|    |         |    +--- androidx.localbroadcastmanager:localbroadcastmanager:1.0.0
|    |         |    |    \--- androidx.annotation:annotation:1.0.0 -> 1.8.1 (*)
|    |         |    \--- androidx.print:print:1.0.0
|    |         |         \--- androidx.annotation:annotation:1.0.0 -> 1.8.1 (*)
|    |         +--- androidx.legacy:legacy-support-core-ui:1.0.0
|    |         |    +--- androidx.annotation:annotation:1.0.0 -> 1.8.1 (*)
|    |         |    +--- androidx.core:core:1.0.0 -> 1.13.1 (*)
|    |         |    +--- androidx.legacy:legacy-support-core-utils:1.0.0 (*)
|    |         |    +--- androidx.customview:customview:1.0.0 (*)
|    |         |    +--- androidx.viewpager:viewpager:1.0.0 (*)
|    |         |    +--- androidx.coordinatorlayout:coordinatorlayout:1.0.0
|    |         |    |    +--- androidx.annotation:annotation:1.0.0 -> 1.8.1 (*)
|    |         |    |    +--- androidx.core:core:1.0.0 -> 1.13.1 (*)
|    |         |    |    \--- androidx.customview:customview:1.0.0 (*)
|    |         |    +--- androidx.drawerlayout:drawerlayout:1.0.0 (*)
|    |         |    +--- androidx.slidingpanelayout:slidingpanelayout:1.0.0
|    |         |    |    +--- androidx.annotation:annotation:1.0.0 -> 1.8.1 (*)
|    |         |    |    +--- androidx.core:core:1.0.0 -> 1.13.1 (*)
|    |         |    |    \--- androidx.customview:customview:1.0.0 (*)
|    |         |    +--- androidx.interpolator:interpolator:1.0.0 (*)
|    |         |    +--- androidx.swiperefreshlayout:swiperefreshlayout:1.0.0 -> 1.1.0 (*)
|    |         |    +--- androidx.asynclayoutinflater:asynclayoutinflater:1.0.0
|    |         |    |    +--- androidx.annotation:annotation:1.0.0 -> 1.8.1 (*)
|    |         |    |    \--- androidx.core:core:1.0.0 -> 1.13.1 (*)
|    |         |    \--- androidx.cursoradapter:cursoradapter:1.0.0 (*)
|    |         \--- androidx.fragment:fragment:1.0.0 -> 1.5.4 (*)
|    +--- host.exp.exponent:expo.modules.filesystem:19.0.21
|    |    +--- org.jetbrains.kotlin:kotlin-stdlib-jdk7:2.1.20 (*)
|    |    +--- commons-codec:commons-codec:1.10
|    |    +--- commons-io:commons-io:1.4 -> 2.6
|    |    +--- com.squareup.okhttp3:okhttp:4.9.2 (*)
|    |    +--- com.squareup.okhttp3:okhttp-urlconnection:4.9.2 (*)
|    |    +--- com.squareup.okio:okio:2.9.0 (*)
|    |    +--- androidx.legacy:legacy-support-v4:1.0.0 (*)
|    |    \--- androidx.documentfile:documentfile:1.1.0 (*)
|    +--- host.exp.exponent:expo.modules.font:14.0.11
|    |    +--- org.jetbrains.kotlin:kotlin-stdlib-jdk7:2.1.20 (*)
|    |    \--- com.facebook.react:react-android -> 0.81.5 (*)
|    +--- host.exp.exponent:expo.modules.haptics:15.0.8
|    |    +--- org.jetbrains.kotlin:kotlin-stdlib-jdk7:2.1.20 (*)
|    |    \--- androidx.annotation:annotation:1.0.0 -> 1.8.1 (*)
|    +--- host.exp.exponent:expo.modules.keepawake:15.0.8
|    |    \--- org.jetbrains.kotlin:kotlin-stdlib-jdk7:2.1.20 (*)
|    +--- host.exp.exponent:expo.modules.notifications:0.32.16
|    |    +--- org.jetbrains.kotlin:kotlin-parcelize-runtime:2.1.20
|    |    |    +--- org.jetbrains.kotlin:kotlin-stdlib:2.1.20 (*)
|    |    |    \--- org.jetbrains.kotlin:kotlin-android-extensions-runtime:2.1.20
|    |    |         \--- org.jetbrains.kotlin:kotlin-stdlib:2.1.20 (*)
|    |    +--- org.jetbrains.kotlin:kotlin-stdlib-jdk7:2.1.20 (*)
|    |    +--- androidx.core:core:1.6.0 -> 1.13.1 (*)
|    |    +--- androidx.lifecycle:lifecycle-runtime:2.2.0 -> 2.6.2 (*)
|    |    +--- androidx.lifecycle:lifecycle-process:2.2.0 -> 2.6.2 (*)
|    |    +--- androidx.lifecycle:lifecycle-common-java8:2.2.0 -> 2.6.2
|    |    |    +--- androidx.annotation:annotation:1.1.0 -> 1.8.1 (*)
|    |    |    +--- androidx.lifecycle:lifecycle-common:2.6.2 (*)
|    |    |    +--- androidx.lifecycle:lifecycle-common:2.6.2 (c)
|    |    |    +--- androidx.lifecycle:lifecycle-livedata:2.6.2 (c)
|    |    |    +--- androidx.lifecycle:lifecycle-livedata-core:2.6.2 (c)
|    |    |    +--- androidx.lifecycle:lifecycle-process:2.6.2 (c)
|    |    |    +--- androidx.lifecycle:lifecycle-runtime:2.6.2 (c)
|    |    |    +--- androidx.lifecycle:lifecycle-viewmodel:2.6.2 (c)
|    |    |    \--- androidx.lifecycle:lifecycle-viewmodel-savedstate:2.6.2 (c)
|    |    +--- org.jetbrains.kotlinx:kotlinx-coroutines-android:1.7.3 (*)
|    |    +--- com.google.firebase:firebase-messaging:24.0.1
|    |    |    +--- com.google.firebase:firebase-common:21.0.0
|    |    |    |    +--- org.jetbrains.kotlinx:kotlinx-coroutines-play-services:1.6.4 -> 1.7.3
|    |    |    |    |    +--- org.jetbrains.kotlinx:kotlinx-coroutines-core:1.7.3 (*)
|    |    |    |    |    +--- org.jetbrains.kotlinx:kotlinx-coroutines-bom:1.7.3 (*)
|    |    |    |    |    +--- com.google.android.gms:play-services-tasks:16.0.1 -> 18.1.0
|    |    |    |    |    |    \--- com.google.android.gms:play-services-basement:18.3.0
|    |    |    |    |    |         +--- androidx.collection:collection:1.0.0 -> 1.1.0 (*)
|    |    |    |    |    |         +--- androidx.core:core:1.2.0 -> 1.13.1 (*)
|    |    |    |    |    |         \--- androidx.fragment:fragment:1.1.0 -> 1.5.4 (*)
|    |    |    |    |    \--- org.jetbrains.kotlin:kotlin-stdlib-jdk8:1.8.20 -> 1.8.22 (*)
|    |    |    |    +--- com.google.firebase:firebase-components:18.0.0
|    |    |    |    |    +--- com.google.firebase:firebase-annotations:16.2.0
|    |    |    |    |    |    \--- javax.inject:javax.inject:1
|    |    |    |    |    +--- androidx.annotation:annotation:1.5.0 -> 1.8.1 (*)
|    |    |    |    |    \--- com.google.errorprone:error_prone_annotations:2.26.0
|    |    |    |    +--- com.google.firebase:firebase-annotations:16.2.0 (*)
|    |    |    |    +--- androidx.annotation:annotation:1.5.0 -> 1.8.1 (*)
|    |    |    |    +--- androidx.concurrent:concurrent-futures:1.1.0 (*)
|    |    |    |    +--- org.jetbrains.kotlin:kotlin-stdlib:1.8.22 -> 2.1.20 (*)
|    |    |    |    +--- com.google.android.gms:play-services-basement:18.3.0 (*)
|    |    |    |    \--- com.google.android.gms:play-services-tasks:18.1.0 (*)
|    |    |    +--- com.google.firebase:firebase-common-ktx:21.0.0
|    |    |    |    +--- com.google.firebase:firebase-common:21.0.0 (*)
|    |    |    |    +--- org.jetbrains.kotlin:kotlin-stdlib-jdk8:1.8.22 (*)
|    |    |    |    +--- com.google.firebase:firebase-components:18.0.0 (*)
|    |    |    |    \--- com.google.firebase:firebase-annotations:16.2.0 (*)
|    |    |    +--- com.google.firebase:firebase-components:18.0.0 (*)
|    |    |    +--- com.google.firebase:firebase-datatransport:18.2.0
|    |    |    |    +--- com.google.android.datatransport:transport-api:3.0.0 -> 3.1.0
|    |    |    |    |    \--- androidx.annotation:annotation:1.1.0 -> 1.8.1 (*)
|    |    |    |    +--- com.google.android.datatransport:transport-runtime:3.1.9
|    |    |    |    |    +--- com.google.android.datatransport:transport-api:3.0.0 -> 3.1.0 (*)
|    |    |    |    |    +--- androidx.annotation:annotation:1.3.0 -> 1.8.1 (*)
|    |    |    |    |    +--- javax.inject:javax.inject:1
|    |    |    |    |    +--- com.google.firebase:firebase-encoders:17.0.0
|    |    |    |    |    |    \--- androidx.annotation:annotation:1.1.0 -> 1.8.1 (*)
|    |    |    |    |    \--- com.google.firebase:firebase-encoders-proto:16.0.0
|    |    |    |    |         +--- androidx.annotation:annotation:1.1.0 -> 1.8.1 (*)
|    |    |    |    |         \--- com.google.firebase:firebase-encoders:17.0.0 (*)
|    |    |    |    +--- com.google.android.datatransport:transport-backend-cct:3.1.9
|    |    |    |    |    +--- com.google.android.datatransport:transport-api:3.0.0 -> 3.1.0 (*)
|    |    |    |    |    +--- com.google.android.datatransport:transport-runtime:3.1.8 -> 3.1.9 (*)
|    |    |    |    |    +--- com.google.firebase:firebase-encoders:17.0.0 (*)
|    |    |    |    |    +--- com.google.firebase:firebase-encoders-json:18.0.0
|    |    |    |    |    |    +--- androidx.annotation:annotation:1.1.0 -> 1.8.1 (*)
|    |    |    |    |    |    \--- com.google.firebase:firebase-encoders:17.0.0 (*)
|    |    |    |    |    \--- androidx.annotation:annotation:1.1.0 -> 1.8.1 (*)
|    |    |    |    \--- androidx.annotation:annotation:1.1.0 -> 1.8.1 (*)
|    |    |    +--- com.google.firebase:firebase-encoders:17.0.0 (*)
|    |    |    +--- com.google.firebase:firebase-encoders-json:18.0.0 (*)
|    |    |    +--- com.google.firebase:firebase-encoders-proto:16.0.0 (*)
|    |    |    +--- com.google.firebase:firebase-iid-interop:17.1.0
|    |    |    |    +--- com.google.android.gms:play-services-basement:17.0.0 -> 18.3.0 (*)
|    |    |    |    \--- com.google.android.gms:play-services-tasks:17.0.0 -> 18.1.0 (*)
|    |    |    +--- com.google.firebase:firebase-installations:17.2.0
|    |    |    |    +--- com.google.firebase:firebase-installations-interop:17.1.1
|    |    |    |    |    +--- com.google.android.gms:play-services-tasks:18.0.1 -> 18.1.0 (*)
|    |    |    |    |    \--- com.google.firebase:firebase-annotations:16.2.0 (*)
|    |    |    |    +--- org.jetbrains.kotlin:kotlin-stdlib:1.7.10 -> 2.1.20 (*)
|    |    |    |    +--- com.google.android.gms:play-services-tasks:18.0.1 -> 18.1.0 (*)
|    |    |    |    +--- com.google.firebase:firebase-annotations:16.2.0 (*)
|    |    |    |    +--- com.google.firebase:firebase-common:20.4.2 -> 21.0.0 (*)
|    |    |    |    +--- com.google.firebase:firebase-common-ktx:20.4.2 -> 21.0.0 (*)
|    |    |    |    \--- com.google.firebase:firebase-components:17.1.3 -> 18.0.0 (*)
|    |    |    +--- com.google.firebase:firebase-installations-interop:17.1.0 -> 17.1.1 (*)
|    |    |    +--- com.google.firebase:firebase-measurement-connector:19.0.0
|    |    |    |    +--- com.google.android.gms:play-services-basement:17.0.0 -> 18.3.0 (*)
|    |    |    |    \--- com.google.firebase:firebase-annotations:16.0.0 -> 16.2.0 (*)
|    |    |    +--- androidx.annotation:annotation:1.2.0 -> 1.8.1 (*)
|    |    |    +--- com.google.android.datatransport:transport-api:3.1.0 (*)
|    |    |    +--- com.google.android.datatransport:transport-backend-cct:3.1.8 -> 3.1.9 (*)
|    |    |    +--- com.google.android.datatransport:transport-runtime:3.1.8 -> 3.1.9 (*)
|    |    |    +--- com.google.android.gms:play-services-base:18.0.1
|    |    |    |    +--- androidx.collection:collection:1.0.0 -> 1.1.0 (*)
|    |    |    |    +--- androidx.core:core:1.2.0 -> 1.13.1 (*)
|    |    |    |    +--- androidx.fragment:fragment:1.0.0 -> 1.5.4 (*)
|    |    |    |    +--- com.google.android.gms:play-services-basement:18.0.0 -> 18.3.0 (*)
|    |    |    |    \--- com.google.android.gms:play-services-tasks:18.0.1 -> 18.1.0 (*)
|    |    |    +--- com.google.android.gms:play-services-basement:18.1.0 -> 18.3.0 (*)
|    |    |    +--- com.google.android.gms:play-services-cloud-messaging:17.2.0
|    |    |    |    +--- com.google.android.gms:play-services-basement:18.3.0 (*)
|    |    |    |    \--- com.google.android.gms:play-services-tasks:18.1.0 (*)
|    |    |    +--- com.google.android.gms:play-services-stats:17.0.2
|    |    |    |    +--- androidx.legacy:legacy-support-core-utils:1.0.0 (*)
|    |    |    |    \--- com.google.android.gms:play-services-basement:18.0.0 -> 18.3.0 (*)
|    |    |    +--- com.google.android.gms:play-services-tasks:18.0.1 -> 18.1.0 (*)
|    |    |    +--- com.google.errorprone:error_prone_annotations:2.9.0 -> 2.26.0
|    |    |    \--- org.jetbrains.kotlin:kotlin-stdlib:1.8.22 -> 2.1.20 (*)
|    |    \--- me.leolin:ShortcutBadger:1.1.22
|    +--- org.jetbrains.kotlin:kotlin-stdlib-jdk7:2.1.20 (*)
|    \--- com.facebook.react:react-android -> 0.81.5 (*)
+--- com.facebook.react:react-android -> 0.81.5 (*)
+--- com.facebook.fresco:animated-gif:3.6.0
|    +--- com.parse.bolts:bolts-tasks:1.4.0
|    +--- com.facebook.soloader:nativeloader:0.11.0 -> 0.12.1
|    +--- com.facebook.fresco:fbcore:3.6.0 (*)
|    \--- com.facebook.fresco:animated-base:3.6.0
|         +--- com.parse.bolts:bolts-tasks:1.4.0
|         +--- com.facebook.fresco:vito-options:3.6.0
|         |    +--- com.facebook.fresco:drawee:3.6.0 (*)
|         |    +--- com.facebook.fresco:fbcore:3.6.0 (*)
|         |    +--- com.facebook.fresco:imagepipeline:3.6.0 (*)
|         |    \--- org.jetbrains.kotlin:kotlin-stdlib:2.0.0 -> 2.1.20 (*)
|         +--- com.facebook.fresco:middleware:3.6.0 (*)
|         +--- com.facebook.fresco:fbcore:3.6.0 (*)
|         +--- com.facebook.fresco:imagepipeline-base:3.6.0 (*)
|         +--- com.facebook.fresco:imagepipeline:3.6.0 (*)
|         +--- com.facebook.fresco:imagepipeline-native:3.6.0 (*)
|         +--- com.facebook.fresco:memory-type-ashmem:3.6.0 (*)
|         +--- com.facebook.fresco:memory-type-native:3.6.0 (*)
|         +--- com.facebook.fresco:memory-type-java:3.6.0 (*)
|         +--- com.facebook.fresco:animated-drawable:3.6.0
|         |    +--- com.facebook.fresco:imagepipeline-base:3.6.0 (*)
|         |    +--- com.facebook.fresco:drawee:3.6.0 (*)
|         |    +--- com.facebook.fresco:fbcore:3.6.0 (*)
|         |    +--- com.facebook.fresco:vito-renderer:3.6.0
|         |    |    \--- org.jetbrains.kotlin:kotlin-stdlib:2.0.0 -> 2.1.20 (*)
|         |    +--- com.facebook.fresco:vito-options:3.6.0 (*)
|         |    \--- org.jetbrains.kotlin:kotlin-stdlib:2.0.0 -> 2.1.20 (*)
|         \--- org.jetbrains.kotlin:kotlin-stdlib:2.0.0 -> 2.1.20 (*)
+--- com.facebook.fresco:webpsupport:3.6.0
|    +--- com.facebook.soloader:nativeloader:0.11.0 -> 0.12.1
|    +--- com.parse.bolts:bolts-tasks:1.4.0
|    +--- com.facebook.fresco:fbcore:3.6.0 (*)
|    +--- com.facebook.fresco:imagepipeline-base:3.6.0 (*)
|    \--- com.facebook.fresco:middleware:3.6.0 (*)
\--- com.facebook.react:hermes-android -> 0.81.5
     +--- com.facebook.fbjni:fbjni:0.7.0 (*)
     +--- com.facebook.yoga:proguard-annotations:1.19.0
     \--- androidx.annotation:annotation:1.6.0 -> 1.8.1 (*)

(c) - A dependency constraint, not a dependency. The dependency affected by the constraint occurs elsewhere in the tree.
(*) - Indicates repeated occurrences of a transitive dependency subtree. Gradle expands transitive dependency subtrees only once per project; repeat occurrences only display the root of the subtree, followed by this annotation.

A web-based, searchable dependency report is available by adding the --scan option.

[Incubating] Problems report is available at: file:///home/junknet/Desktop/do-ai/app/android-rn/android/build/reports/problems/problems-report.html

Deprecated Gradle features were used in this build, making it incompatible with Gradle 9.0.

You can use '--warning-mode all' to show the individual deprecation warnings and determine if they come from your own scripts or plugins.

For more on this, please refer to https://docs.gradle.org/8.14.3/userguide/command_line_interface.html#sec:command_line_warnings in the Gradle documentation.

BUILD SUCCESSFUL in 1s
25 actionable tasks: 1 executed, 24 up-to-date
