2:  Window #0 Window{1525d40 u0 ScreenDecorOverlayBottom}:
30:  Window #1 Window{4a0a34b u0 ScreenDecorOverlay}:
58:  Window #2 Window{ed9fa88 u0 pip-dismiss-overlay}:
81:  Window #3 Window{4d9a132 u0 NavigationBar0}:
130:  Window #4 Window{aecf u0 NotificationShade}:
155:  Window #5 Window{5157ce1 u0 StatusBar}:
197:  Window #6 Window{44eec48 u0 ShellDropTarget}:
220:  Window #7 Window{8cd3ec9 u0 (1-1)-Window{f203c4e alpha=1.0 fl=}}:
231:    mBaseLayer=21000 mSubLayer=0    mToken=ActivityRecord{120b397 u0 com.google.android.apps.nexuslauncher/.NexusLauncherActivity} t815}
232:    mActivityRecord=ActivityRecord{120b397 u0 com.google.android.apps.nexuslauncher/.NexusLauncherActivity} t815}
241:    WindowStateAnimator{618672f (1-1)-Window{f203c4e alpha=1.0 fl=}}:
242:      mSurface=Surface(name=(1-1)-Window{f203c4e alpha=1.0 fl=})/@0xbb1b8f5
250:  Window #8 Window{4509ef9 u0 InputMethod}:
283:  Window #9 Window{d063e32 u0 com.google.android.apps.nexuslauncher/com.google.android.apps.nexuslauncher.NexusLauncherActivity}:
294:    mBaseLayer=21000 mSubLayer=0    mToken=ActivityRecord{120b397 u0 com.google.android.apps.nexuslauncher/.NexusLauncherActivity} t815}
295:    mActivityRecord=ActivityRecord{120b397 u0 com.google.android.apps.nexuslauncher/.NexusLauncherActivity} t815}
304:    WindowStateAnimator{52e713c com.google.android.apps.nexuslauncher/com.google.android.apps.nexuslauncher.NexusLauncherActivity}:
305:      mSurface=Surface(name=com.google.android.apps.nexuslauncher/com.google.android.apps.nexuslauncher.NexusLauncherActivity)/@0xf20d918
315:  Window #10 Window{fb8d1f9 u0 com.anonymous.androidrn/com.anonymous.androidrn.MainActivity}:
317:    mOwnerUid=10242 showForAllUsers=false package=com.anonymous.androidrn appop=NONE
326:    mBaseLayer=21000 mSubLayer=0    mToken=ActivityRecord{3d4e606 u0 com.anonymous.androidrn/.MainActivity} t845}
327:    mActivityRecord=ActivityRecord{3d4e606 u0 com.anonymous.androidrn/.MainActivity} t845}
336:    WindowStateAnimator{3b1ef71 com.anonymous.androidrn/com.anonymous.androidrn.MainActivity}:
342:  Window #11 Window{57c0152 u0 com.android.settings/com.android.settings.Settings$WifiSettingsActivity}:
369:  Window #12 Window{e334ad8 u0 com.breel.wallpapers19.doodle.wallpaper.variations.DoodleWallpaperV1}:
402:  imeLayeringTarget in display# 0 Window{d063e32 u0 com.google.android.apps.nexuslauncher/com.google.android.apps.nexuslauncher.NexusLauncherActivity}
403:  imeInputTarget in display# 0 Window{d063e32 u0 com.google.android.apps.nexuslauncher/com.google.android.apps.nexuslauncher.NexusLauncherActivity}
404:  imeControlTarget in display# 0 Window{d063e32 u0 com.google.android.apps.nexuslauncher/com.google.android.apps.nexuslauncher.NexusLauncherActivity}
407:  mLastDisplayFreezeDuration=0 due to Window{1525d40 u0 ScreenDecorOverlayBottom}
408:  mLastWakeLockHoldingWindow=null mLastWakeLockObscuringWindow=Window{e334ad8 u0 com.breel.wallpapers19.doodle.wallpaper.variations.DoodleWallpaperV1}
413:      topApp=ActivityRecord{3d4e606 u0 com.anonymous.androidrn/.MainActivity} t845}
414:      snapshot=TaskSnapshot{ mId=1766824720315 mTopActivityComponent=com.anonymous.androidrn/.MainActivity mSnapshot=android.hardware.HardwareBuffer@c1d9156 (864x1824) mColorSpace=Display P3 (id=7, model=RGB) mOrientation=1 mRotation=0 mTaskSize=Point(1080, 2280) mContentInsets=[0,83][0,132] mLetterboxInsets=[0,0][0,0] mIsLowResolution=false mIsRealSnapshot=true mWindowingMode=1 mAppearance=16 mIsTranslucent=false mHasImeSurface=false
418:  mInputMethodWindow=Window{4509ef9 u0 InputMethod}
421:  mObscuringWindow=Window{e334ad8 u0 com.breel.wallpapers19.doodle.wallpaper.variations.DoodleWallpaperV1}
